Log file open, 12/04/17 20:07:36
LogWindows: Failed to load 'aqProf.dll' (GetLastError=126)
LogWindows: File 'aqProf.dll' does not exist
LogWindows: Failed to load 'VSPerf140.dll' (GetLastError=126)
LogWindows: File 'VSPerf140.dll' does not exist
LogWindows: Failed to load 'VtuneApi.dll' (GetLastError=126)
LogWindows: File 'VtuneApi.dll' does not exist
LogWindows: Failed to load 'VtuneApi32e.dll' (GetLastError=126)
LogWindows: File 'VtuneApi32e.dll' does not exist
LogInit: Display: Running engine for game: Foresst
LogPlatformFile: Not using cached read wrapper
LogInit: Display: RandInit(1061235335) SRandInit(1061235335).
LogInit: Read version file with build ID '3709383'
LogInit: Overriding engine version to CL 3754814, compatible CL 3709383
LogInit: Registered custom module enumerator with build ID '3709383'
LogTaskGraph: Started task graph with 5 named threads and 14 total threads with 3 sets of task threads.
LogStats: Stats thread started at 0.173927
LogD3D11RHI: Aftermath initialized
LogModuleManager: Display: Found up-to-date module file ../../../Engine/Plugins/2D/Paper2D/Binaries/Win64/UE4Editor-Paper2D.dll (API version 3709383).
LogModuleManager: Display: Found up-to-date module file ../../../Engine/Plugins/2D/Paper2D/Binaries/Win64/UE4Editor-Paper2DEditor.dll (API version 3709383).
LogModuleManager: Display: Found up-to-date module file ../../../Engine/Plugins/2D/Paper2D/Binaries/Win64/UE4Editor-PaperSpriteSheetImporter.dll (API version 3709383).
LogModuleManager: Display: Found up-to-date module file ../../../Engine/Plugins/2D/Paper2D/Binaries/Win64/UE4Editor-PaperTiledImporter.dll (API version 3709383).
LogModuleManager: Display: Found up-to-date module file ../../../Engine/Plugins/2D/Paper2D/Binaries/Win64/UE4Editor-SmartSnapping.dll (API version 3709383).
LogModuleManager: Display: Found up-to-date module file ../../../Engine/Plugins/Blendables/LightPropagationVolume/Binaries/Win64/UE4Editor-LightPropagationVolumeRuntime.dll (API version 3709383).
LogModuleManager: Display: Found up-to-date module file ../../../Engine/Plugins/Blendables/LightPropagationVolume/Binaries/Win64/UE4Editor-LightPropagationVolumeEditor.dll (API version 3709383).
LogModuleManager: Display: Found up-to-date module file ../../../Engine/Plugins/Developer/GitSourceControl/Binaries/Win64/UE4Editor-GitSourceControl.dll (API version 3709383).
LogModuleManager: Display: Found up-to-date module file ../../../Engine/Plugins/Developer/PerforceSourceControl/Binaries/Win64/UE4Editor-PerforceSourceControl.dll (API version 3709383).
LogModuleManager: Display: Found up-to-date module file ../../../Engine/Plugins/Developer/SubversionSourceControl/Binaries/Win64/UE4Editor-SubversionSourceControl.dll (API version 3709383).
LogModuleManager: Display: Found up-to-date module file ../../../Engine/Plugins/Developer/UObjectPlugin/Binaries/Win64/UE4Editor-UObjectPlugin.dll (API version 3709383).
LogModuleManager: Display: Found up-to-date module file ../../../Engine/Plugins/Developer/VisualStudioCodeSourceCodeAccess/Binaries/Win64/UE4Editor-VisualStudioCodeSourceCodeAccess.dll (API version 3709383).
LogModuleManager: Display: Found up-to-date module file ../../../Engine/Plugins/Developer/VisualStudioSourceCodeAccess/Binaries/Win64/UE4Editor-VisualStudioSourceCodeAccess.dll (API version 3709383).
LogModuleManager: Display: Found up-to-date module file ../../../Engine/Plugins/Editor/AssetManagerEditor/Binaries/Win64/UE4Editor-AssetManagerEditor.dll (API version 3709383).
LogModuleManager: Display: Found up-to-date module file ../../../Engine/Plugins/Editor/AudioCapture/Binaries/Win64/UE4Editor-AudioCapture.dll (API version 3709383).
LogModuleManager: Display: Found up-to-date module file ../../../Engine/Plugins/Editor/FacialAnimation/Binaries/Win64/UE4Editor-FacialAnimation.dll (API version 3709383).
LogModuleManager: Display: Found up-to-date module file ../../../Engine/Plugins/Editor/FacialAnimation/Binaries/Win64/UE4Editor-FacialAnimationEditor.dll (API version 3709383).
LogModuleManager: Display: Found up-to-date module file ../../../Engine/Plugins/Editor/GameplayTagsEditor/Binaries/Win64/UE4Editor-GameplayTagsEditor.dll (API version 3709383).
LogModuleManager: Display: Found up-to-date module file ../../../Engine/Plugins/Editor/MobileLauncherProfileWizard/Binaries/Win64/UE4Editor-MobileLauncherProfileWizard.dll (API version 3709383).
LogModuleManager: Display: Found up-to-date module file ../../../Engine/Plugins/Editor/PluginBrowser/Binaries/Win64/UE4Editor-PluginBrowser.dll (API version 3709383).
LogModuleManager: Display: Found up-to-date module file ../../../Engine/Plugins/Editor/SpeedTreeImporter/Binaries/Win64/UE4Editor-SpeedTreeImporter.dll (API version 3709383).
LogModuleManager: Display: Found up-to-date module file ../../../Engine/Plugins/Experimental/AlembicImporter/Binaries/Win64/UE4Editor-AlembicImporter.dll (API version 3709383).
LogModuleManager: Display: Found up-to-date module file ../../../Engine/Plugins/Experimental/AlembicImporter/Binaries/Win64/UE4Editor-AlembicLibrary.dll (API version 3709383).
LogModuleManager: Display: Found up-to-date module file ../../../Engine/Plugins/Experimental/CharacterAI/Binaries/Win64/UE4Editor-CharacterAI.dll (API version 3709383).
LogModuleManager: Display: Found up-to-date module file ../../../Engine/Plugins/Experimental/HTML5Networking/Binaries/Win64/UE4Editor-HTML5Networking.dll (API version 3709383).
LogModuleManager: Display: Found up-to-date module file ../../../Engine/Plugins/Media/AndroidMedia/Binaries/Win64/UE4Editor-AndroidMediaEditor.dll (API version 3709383).
LogModuleManager: Display: Found up-to-date module file ../../../Engine/Plugins/Media/AndroidMedia/Binaries/Win64/UE4Editor-AndroidMediaFactory.dll (API version 3709383).
LogModuleManager: Display: Found up-to-date module file ../../../Engine/Plugins/Media/AvfMedia/Binaries/Win64/UE4Editor-AvfMediaEditor.dll (API version 3709383).
LogModuleManager: Display: Found up-to-date module file ../../../Engine/Plugins/Media/AvfMedia/Binaries/Win64/UE4Editor-AvfMediaFactory.dll (API version 3709383).
LogModuleManager: Display: Found up-to-date module file ../../../Engine/Plugins/Media/AvfMedia/Binaries/Win64/UE4Editor-AvfMediaFactory.dll (API version 3709383).
LogModuleManager: Display: Found up-to-date module file ../../../Engine/Plugins/Media/ImgMedia/Binaries/Win64/UE4Editor-ImgMedia.dll (API version 3709383).
LogModuleManager: Display: Found up-to-date module file ../../../Engine/Plugins/Media/ImgMedia/Binaries/Win64/UE4Editor-ImgMediaEditor.dll (API version 3709383).
LogModuleManager: Display: Found up-to-date module file ../../../Engine/Plugins/Media/ImgMedia/Binaries/Win64/UE4Editor-ImgMediaFactory.dll (API version 3709383).
LogModuleManager: Display: Found up-to-date module file ../../../Engine/Plugins/Media/ImgMedia/Binaries/Win64/UE4Editor-ImgMediaFactory.dll (API version 3709383).
LogModuleManager: Display: Found up-to-date module file ../../../Engine/Plugins/Media/ImgMedia/Binaries/Win64/UE4Editor-OpenExrWrapper.dll (API version 3709383).
LogModuleManager: Display: Found up-to-date module file ../../../Engine/Plugins/Media/MediaCompositing/Binaries/Win64/UE4Editor-MediaCompositing.dll (API version 3709383).
LogModuleManager: Display: Found up-to-date module file ../../../Engine/Plugins/Media/MediaCompositing/Binaries/Win64/UE4Editor-MediaCompositingEditor.dll (API version 3709383).
LogModuleManager: Display: Found up-to-date module file ../../../Engine/Plugins/Media/MediaPlayerEditor/Binaries/Win64/UE4Editor-MediaPlayerEditor.dll (API version 3709383).
LogModuleManager: Display: Found up-to-date module file ../../../Engine/Plugins/Media/WmfMedia/Binaries/Win64/UE4Editor-WmfMedia.dll (API version 3709383).
LogModuleManager: Display: Found up-to-date module file ../../../Engine/Plugins/Media/WmfMedia/Binaries/Win64/UE4Editor-WmfMediaEditor.dll (API version 3709383).
LogModuleManager: Display: Found up-to-date module file ../../../Engine/Plugins/Media/WmfMedia/Binaries/Win64/UE4Editor-WmfMediaFactory.dll (API version 3709383).
LogModuleManager: Display: Found up-to-date module file ../../../Engine/Plugins/Media/WmfMedia/Binaries/Win64/UE4Editor-WmfMediaFactory.dll (API version 3709383).
LogModuleManager: Display: Found up-to-date module file ../../../Engine/Plugins/Messaging/TcpMessaging/Binaries/Win64/UE4Editor-TcpMessaging.dll (API version 3709383).
LogModuleManager: Display: Found up-to-date module file ../../../Engine/Plugins/Messaging/UdpMessaging/Binaries/Win64/UE4Editor-UdpMessaging.dll (API version 3709383).
LogModuleManager: Display: Found up-to-date module file ../../../Engine/Plugins/MovieScene/ActorSequence/Binaries/Win64/UE4Editor-ActorSequence.dll (API version 3709383).
LogModuleManager: Display: Found up-to-date module file ../../../Engine/Plugins/MovieScene/LevelSequenceEditor/Binaries/Win64/UE4Editor-LevelSequenceEditor.dll (API version 3709383).
LogModuleManager: Display: Found up-to-date module file ../../../Engine/Plugins/MovieScene/MatineeToLevelSequence/Binaries/Win64/UE4Editor-MatineeToLevelSequence.dll (API version 3709383).
LogModuleManager: Display: Found up-to-date module file ../../../Engine/Plugins/Online/OnlineSubsystem/Binaries/Win64/UE4Editor-OnlineSubsystem.dll (API version 3709383).
LogModuleManager: Display: Found up-to-date module file ../../../Engine/Plugins/Runtime/AndroidPermission/Binaries/Win64/UE4Editor-AndroidPermission.dll (API version 3709383).
LogModuleManager: Display: Found up-to-date module file ../../../Engine/Plugins/Online/OnlineSubsystemNull/Binaries/Win64/UE4Editor-OnlineSubsystemNull.dll (API version 3709383).
LogModuleManager: Display: Found up-to-date module file ../../../Engine/Plugins/Online/OnlineSubsystemUtils/Binaries/Win64/UE4Editor-OnlineSubsystemUtils.dll (API version 3709383).
LogModuleManager: Display: Found up-to-date module file ../../../Engine/Plugins/Online/OnlineSubsystemUtils/Binaries/Win64/UE4Editor-OnlineBlueprintSupport.dll (API version 3709383).
LogModuleManager: Display: Found up-to-date module file ../../../Engine/Plugins/Runtime/AndroidDeviceProfileSelector/Binaries/Win64/UE4Editor-AndroidDeviceProfileSelector.dll (API version 3709383).
LogModuleManager: Display: Found up-to-date module file ../../../Engine/Plugins/Runtime/AppleARKit/Binaries/Win64/UE4Editor-AppleARKit.dll (API version 3709383).
LogModuleManager: Display: Found up-to-date module file ../../../Engine/Plugins/Runtime/ArchVisCharacter/Binaries/Win64/UE4Editor-ArchVisCharacter.dll (API version 3709383).
LogModuleManager: Display: Found up-to-date module file ../../../Engine/Plugins/Runtime/CableComponent/Binaries/Win64/UE4Editor-CableComponent.dll (API version 3709383).
LogModuleManager: Display: Found up-to-date module file ../../../Engine/Plugins/Runtime/CustomMeshComponent/Binaries/Win64/UE4Editor-CustomMeshComponent.dll (API version 3709383).
LogModuleManager: Display: Found up-to-date module file ../../../Engine/Plugins/Runtime/ExampleDeviceProfileSelector/Binaries/Win64/UE4Editor-ExampleDeviceProfileSelector.dll (API version 3709383).
LogModuleManager: Display: Found up-to-date module file ../../../Engine/Plugins/Runtime/ImmediatePhysics/Binaries/Win64/UE4Editor-ImmediatePhysics.dll (API version 3709383).
LogModuleManager: Display: Found up-to-date module file ../../../Engine/Plugins/Runtime/ImmediatePhysics/Binaries/Win64/UE4Editor-ImmediatePhysicsEditor.dll (API version 3709383).
LogModuleManager: Display: Found up-to-date module file ../../../Engine/Plugins/Runtime/LocationServicesBPLibrary/Binaries/Win64/UE4Editor-LocationServicesBPLibrary.dll (API version 3709383).
LogModuleManager: Display: Found up-to-date module file ../../../Engine/Plugins/Runtime/MobilePatchingUtils/Binaries/Win64/UE4Editor-MobilePatchingUtils.dll (API version 3709383).
LogModuleManager: Display: Found up-to-date module file ../../../Engine/Plugins/Runtime/Oculus/OculusVR/Binaries/Win64/UE4Editor-OculusHMD.dll (API version 3709383).
LogModuleManager: Display: Found up-to-date module file ../../../Engine/Plugins/Runtime/Oculus/OculusVR/Binaries/Win64/UE4Editor-OculusInput.dll (API version 3709383).
LogModuleManager: Display: Found up-to-date module file ../../../Engine/Plugins/Runtime/Oculus/OculusVR/Binaries/Win64/UE4Editor-OculusEditor.dll (API version 3709383).
LogModuleManager: Display: Found up-to-date module file ../../../Engine/Plugins/Runtime/PhysXVehicles/Binaries/Win64/UE4Editor-PhysXVehicles.dll (API version 3709383).
LogModuleManager: Display: Found up-to-date module file ../../../Engine/Plugins/Runtime/PhysXVehicles/Binaries/Win64/UE4Editor-PhysXVehiclesEditor.dll (API version 3709383).
LogModuleManager: Display: Found up-to-date module file ../../../Engine/Plugins/Runtime/ProceduralMeshComponent/Binaries/Win64/UE4Editor-ProceduralMeshComponent.dll (API version 3709383).
LogModuleManager: Display: Found up-to-date module file ../../../Engine/Plugins/Runtime/ProceduralMeshComponent/Binaries/Win64/UE4Editor-ProceduralMeshComponentEditor.dll (API version 3709383).
LogModuleManager: Display: Found up-to-date module file ../../../Engine/Plugins/Runtime/RuntimePhysXCooking/Binaries/Win64/UE4Editor-RuntimePhysXCooking.dll (API version 3709383).
LogModuleManager: Display: Found up-to-date module file ../../../Engine/Plugins/Runtime/Steam/SteamVR/Binaries/Win64/UE4Editor-SteamVR.dll (API version 3709383).
LogModuleManager: Display: Found up-to-date module file ../../../Engine/Plugins/Runtime/Steam/SteamVR/Binaries/Win64/UE4Editor-SteamVRController.dll (API version 3709383).
LogModuleManager: Display: Found up-to-date module file ../../../Engine/Plugins/Runtime/WindowsMoviePlayer/Binaries/Win64/UE4Editor-WindowsMoviePlayer.dll (API version 3709383).
LogPluginManager: Mounting plugin Paper2D
LogPluginManager: Mounting plugin LightPropagationVolume
LogPluginManager: Mounting plugin CodeLiteSourceCodeAccess
LogPluginManager: Mounting plugin GitSourceControl
LogPluginManager: Mounting plugin KDevelopSourceCodeAccess
LogPluginManager: Mounting plugin NullSourceCodeAccess
LogPluginManager: Mounting plugin PerforceSourceControl
LogPluginManager: Mounting plugin SubversionSourceControl
LogPluginManager: Mounting plugin UObjectPlugin
LogPluginManager: Mounting plugin VisualStudioCodeSourceCodeAccess
LogPluginManager: Mounting plugin VisualStudioSourceCodeAccess
LogPluginManager: Mounting plugin XCodeSourceCodeAccess
LogPluginManager: Mounting plugin AssetManagerEditor
LogPluginManager: Mounting plugin AudioCapture
LogPluginManager: Mounting plugin FacialAnimation
LogPluginManager: Mounting plugin GameplayTagsEditor
LogPluginManager: Mounting plugin MobileLauncherProfileWizard
LogPluginManager: Mounting plugin PluginBrowser
LogPluginManager: Mounting plugin SpeedTreeImporter
LogPluginManager: Mounting plugin AlembicImporter
LogPluginManager: Mounting plugin CharacterAI
LogPluginManager: Mounting plugin HTML5Networking
LogPluginManager: Mounting plugin AndroidMedia
LogPluginManager: Mounting plugin AvfMedia
LogPluginManager: Mounting plugin ImgMedia
LogPluginManager: Mounting plugin MediaCompositing
LogPluginManager: Mounting plugin MediaPlayerEditor
LogPluginManager: Mounting plugin WmfMedia
LogPluginManager: Mounting plugin TcpMessaging
LogPluginManager: Mounting plugin UdpMessaging
LogPluginManager: Mounting plugin ActorSequence
LogPluginManager: Mounting plugin LevelSequenceEditor
LogPluginManager: Mounting plugin MatineeToLevelSequence
LogPluginManager: Mounting plugin OnlineSubsystemGooglePlay
LogPluginManager: Mounting plugin OnlineSubsystemIOS
LogPluginManager: Mounting plugin OnlineSubsystem
LogPluginManager: Mounting plugin OnlineSubsystemNull
LogPluginManager: Mounting plugin OnlineSubsystemUtils
LogPluginManager: Mounting plugin AndroidDeviceProfileSelector
LogPluginManager: Mounting plugin AndroidMoviePlayer
LogPluginManager: Mounting plugin AndroidPermission
LogPluginManager: Mounting plugin AppleARKit
LogPluginManager: Mounting plugin AppleMoviePlayer
LogPluginManager: Mounting plugin ArchVisCharacter
LogPluginManager: Mounting plugin CableComponent
LogPluginManager: Mounting plugin CustomMeshComponent
LogPluginManager: Mounting plugin ExampleDeviceProfileSelector
LogPluginManager: Mounting plugin GoogleCloudMessaging
LogPluginManager: Mounting plugin ImmediatePhysics
LogPluginManager: Mounting plugin IOSDeviceProfileSelector
LogPluginManager: Mounting plugin LinuxDeviceProfileSelector
LogPluginManager: Mounting plugin LocationServicesBPLibrary
LogPluginManager: Mounting plugin MobilePatchingUtils
LogPluginManager: Mounting plugin OculusVR
LogPluginManager: Plugin shader directory ../../../Engine/Plugins/Runtime/Oculus/OculusVR/Shaders found
LogPluginManager: Mapping shader source directory ../../../Engine/Plugins/Runtime/Oculus/OculusVR/Shaders to virtual directory /Plugin/OculusVR
LogPluginManager: Mounting plugin PhysXVehicles
LogPluginManager: Mounting plugin ProceduralMeshComponent
LogPluginManager: Mounting plugin RuntimePhysXCooking
LogPluginManager: Mounting plugin SteamVR
LogPluginManager: Mounting plugin WindowsMoviePlayer
LogInit: Using libcurl 7.47.1
LogInit:  - built for x86_64-pc-win32
LogInit:  - supports SSL with OpenSSL/1.0.2g
LogInit:  - supports HTTP deflate (compression) using libz 1.2.8
LogInit:  - other features:
LogInit:      CURL_VERSION_SSL
LogInit:      CURL_VERSION_LIBZ
LogInit:      CURL_VERSION_IPV6
LogInit:      CURL_VERSION_ASYNCHDNS
LogInit:      CURL_VERSION_LARGEFILE
LogInit:      CURL_VERSION_IDN
LogInit:  CurlRequestOptions (configurable via config and command line):
LogInit:  - bVerifyPeer = false  - Libcurl will NOT verify peer certificate
LogInit:  - bUseHttpProxy = false  - Libcurl will NOT use HTTP proxy
LogInit:  - bDontReuseConnections = false  - Libcurl will reuse connections
LogInit:  - CertBundlePath = nullptr  - Libcurl will use whatever was configured at build time.
LogInit: Build: ++UE4+Release-4.18-CL-3754814
LogInit: Engine Version: 4.18.1-3754814+++UE4+Release-4.18
LogInit: Compatible Engine Version: 4.18.0-3709383+++UE4+Release-4.18
LogInit: Net CL: 3709383
LogDevObjectVersion: Number of dev versions registered: 16
LogDevObjectVersion:   Dev-Blueprints (B0D832E4-1F89-4F0D-ACCF-7EB736FD4AA2): 10
LogDevObjectVersion:   Dev-Build (E1C64328-A22C-4D53-A36C-8E866417BD8C): 0
LogDevObjectVersion:   Dev-Core (375EC13C-06E4-48FB-B500-84F0262A717E): 2
LogDevObjectVersion:   Dev-Editor (E4B068ED-F494-42E9-A231-DA0B2E46BB41): 20
LogDevObjectVersion:   Dev-Framework (CFFC743F-43B0-4480-9391-14DF171D2073): 30
LogDevObjectVersion:   Dev-Mobile (B02B49B5-BB20-44E9-A304-32B752E40360): 0
LogDevObjectVersion:   Dev-Networking (A4E4105C-59A1-49B5-A7C5-40C4547EDFEE): 0
LogDevObjectVersion:   Dev-Online (39C831C9-5AE6-47DC-9A44-9C173E1C8E7C): 0
LogDevObjectVersion:   Dev-Physics (78F01B33-EBEA-4F98-B9B4-84EACCB95AA2): 0
LogDevObjectVersion:   Dev-Platform (6631380F-2D4D-43E0-8009-CF276956A95A): 0
LogDevObjectVersion:   Dev-Rendering (12F88B9F-8875-4AFC-A67C-D90C383ABD29): 20
LogDevObjectVersion:   Dev-Sequencer (7B5AE74C-D270-4C10-A958-57980B212A5A): 4
LogDevObjectVersion:   Dev-VR (D7296918-1DD6-4BDD-9DE2-64A83CC13884): 0
LogDevObjectVersion:   Dev-LoadTimes (C2A15278-BFE7-4AFE-6C17-90FF531DF755): 1
LogDevObjectVersion:   Private-Geometry (6EACA3D4-40EC-4CC1-B786-8BED09428FC5): 1
LogDevObjectVersion:   Dev-AnimPhys (29E575DD-E0A3-4627-9D10-D276232CDCEA): 12
LogInit: Compiled (64-bit): Nov 14 2017 02:05:55
LogInit: Compiled with Visual C++: 19.00.24215.01
LogInit: Build Configuration: Development
LogInit: Branch Name: ++UE4+Release-4.18
LogInit: Command line: -EpicPortal 
LogInit: Base directory: C:/Program Files/Epic Games/UE_4.18/Engine/Binaries/Win64/
LogInit: Installed Engine Build: 1
LogInit: Presizing for max 8388607 objects, including 0 objects not considered by GC, pre-allocating 0 bytes for permanent pool.
LogInit: Object subsystem initialized
[2017.12.04-20.07.38:095][  0]LogInit: Selected Device Profile: [Windows]
[2017.12.04-20.07.38:095][  0]LogInit: Applying CVar settings loaded from the selected device profile: [Windows]
[2017.12.04-20.07.38:118][  0]LogInit: Computer: LAPTOP-VOMH70AK
[2017.12.04-20.07.38:118][  0]LogInit: User: keira
[2017.12.04-20.07.38:118][  0]LogInit: CPU Page size=4096, Cores=4
[2017.12.04-20.07.38:118][  0]LogInit: High frequency timer resolution =2.742191 MHz
[2017.12.04-20.07.38:118][  0]LogMemory: Memory total: Physical=15.9GB (16GB approx)
[2017.12.04-20.07.38:118][  0]LogMemory: Platform Memory Stats for Windows
[2017.12.04-20.07.38:118][  0]LogMemory: Process Physical Memory: 271.94 MB used, 271.94 MB peak
[2017.12.04-20.07.38:118][  0]LogMemory: Process Virtual Memory: 269.66 MB used, 269.66 MB peak
[2017.12.04-20.07.38:118][  0]LogMemory: Physical Memory: 6554.55 MB used,  9720.56 MB free, 16275.12 MB total
[2017.12.04-20.07.38:118][  0]LogMemory: Virtual Memory: 648.79 MB used,  9720.56 MB free, 134217728.00 MB total
[2017.12.04-20.07.38:271][  0]LogInit: Using OS detected language (en-GB).
[2017.12.04-20.07.38:271][  0]LogInit: Using OS detected locale (en-GB).
[2017.12.04-20.07.38:274][  0]LogTextLocalizationManager: No specific localization for 'en-GB' exists, so the 'en' localization will be used.
[2017.12.04-20.07.38:946][  0]LogD3D11RHI: D3D11 adapters:
[2017.12.04-20.07.38:987][  0]LogD3D11RHI:    0. 'NVIDIA GeForce GTX 1060' (Feature Level 11_0)
[2017.12.04-20.07.38:987][  0]LogD3D11RHI:       6061/0/8137 MB DedicatedVideo/DedicatedSystem/SharedSystem, Outputs:1, VendorId:0x10de
[2017.12.04-20.07.38:993][  0]LogD3D11RHI:    1. 'Intel(R) HD Graphics 630' (Feature Level 11_0)
[2017.12.04-20.07.38:993][  0]LogD3D11RHI:       128/0/8137 MB DedicatedVideo/DedicatedSystem/SharedSystem, Outputs:0, VendorId:0x8086
[2017.12.04-20.07.38:994][  0]LogD3D11RHI:    2. 'Microsoft Basic Render Driver' (Feature Level 11_0)
[2017.12.04-20.07.38:994][  0]LogD3D11RHI:       0/0/8137 MB DedicatedVideo/DedicatedSystem/SharedSystem, Outputs:0, VendorId:0x1414
[2017.12.04-20.07.38:994][  0]LogD3D11RHI: Chosen D3D11 Adapter: 0
[2017.12.04-20.07.39:000][  0]LogD3D11RHI: Creating new Direct3DDevice
[2017.12.04-20.07.39:000][  0]LogD3D11RHI:     GPU DeviceId: 0x1c20 (for the marketing name, search the web for "GPU Device Id")
[2017.12.04-20.07.39:000][  0]LogWindows: EnumDisplayDevices:
[2017.12.04-20.07.39:001][  0]LogWindows:    0. 'Intel(R) HD Graphics 630' (P:1 D:1)
[2017.12.04-20.07.39:001][  0]LogWindows:    1. 'Intel(R) HD Graphics 630' (P:0 D:0)
[2017.12.04-20.07.39:001][  0]LogWindows:    2. 'Intel(R) HD Graphics 630' (P:0 D:0)
[2017.12.04-20.07.39:001][  0]LogWindows:    3. 'NVIDIA GeForce GTX 1060' (P:0 D:0)
[2017.12.04-20.07.39:001][  0]LogWindows: DebugString: PrimaryIsNotTheChoosenAdapter PrimaryIsNotTheChoosenAdapter PrimaryIsNotTheChoosenAdapter 
[2017.12.04-20.07.39:001][  0]LogD3D11RHI:     Adapter Name: NVIDIA GeForce GTX 1060
[2017.12.04-20.07.39:001][  0]LogD3D11RHI:   Driver Version: 387.92 (internal:23.21.13.8792, unified:387.92)
[2017.12.04-20.07.39:001][  0]LogD3D11RHI:      Driver Date: 10-6-2017
[2017.12.04-20.07.39:001][  0]LogRHI: Texture pool is 4242 MB (70% of 6061 MB)
[2017.12.04-20.07.39:029][  0]LogD3D11RHI: Async texture creation enabled
[2017.12.04-20.07.39:084][  0]LogD3D11RHI: GPU Timing Frequency: 1000.000000 (Debug: 2 1)
[2017.12.04-20.07.39:085][  0]LogShaderCompilers: Guid format shader working directory is 21 characters bigger than the processId version (G:/Game creating/Foresst/Intermediate/Shaders/WorkingDirectory/11400/).
[2017.12.04-20.07.39:085][  0]LogShaderCompilers: Cleaned the shader compiler working directory 'C:/Users/keira/AppData/Local/Temp/UnrealShaderWorkingDir/27A4D90B4F88377E6F32EA91459FF5AD/'.
[2017.12.04-20.07.39:085][  0]LogShaderCompilers: Display: Using Local Shader Compiler.
[2017.12.04-20.07.40:023][  0]LogTemp: Display: Loaded TP AllDesktopTargetPlatform
[2017.12.04-20.07.40:078][  0]LogTemp: Display: Loaded TP MacClientTargetPlatform
[2017.12.04-20.07.40:140][  0]LogTemp: Display: Loaded TP MacNoEditorTargetPlatform
[2017.12.04-20.07.40:223][  0]LogTemp: Display: Loaded TP MacServerTargetPlatform
[2017.12.04-20.07.40:294][  0]LogTemp: Display: Loaded TP MacTargetPlatform
[2017.12.04-20.07.40:352][  0]LogTemp: Display: Loaded TP WindowsClientTargetPlatform
[2017.12.04-20.07.40:403][  0]LogTemp: Display: Loaded TP WindowsNoEditorTargetPlatform
[2017.12.04-20.07.40:465][  0]LogTemp: Display: Loaded TP WindowsServerTargetPlatform
[2017.12.04-20.07.40:506][  0]LogTemp: Display: Loaded TP WindowsTargetPlatform
[2017.12.04-20.07.40:551][  0]LogTemp: Display: Loaded TP Android_ASTCTargetPlatform
[2017.12.04-20.07.40:618][  0]LogTemp: Display: Loaded TP Android_ATCTargetPlatform
[2017.12.04-20.07.40:671][  0]LogTemp: Display: Loaded TP Android_DXTTargetPlatform
[2017.12.04-20.07.40:715][  0]LogTemp: Display: Loaded TP Android_ETC1TargetPlatform
[2017.12.04-20.07.40:763][  0]LogTemp: Display: Loaded TP Android_ETC2TargetPlatform
[2017.12.04-20.07.40:854][  0]LogTemp: Display: Loaded TP Android_MultiTargetPlatform
[2017.12.04-20.07.40:854][  0]LogTemp: Display: Loaded TP Android_PVRTCTargetPlatform
[2017.12.04-20.07.40:900][  0]LogTemp: Display: Loaded TP AndroidTargetPlatform
[2017.12.04-20.07.40:939][  0]LogTemp: Display: Loaded TP HTML5TargetPlatform
[2017.12.04-20.07.41:023][  0]LogTemp: Display: Loaded TP IOSTargetPlatform
[2017.12.04-20.07.41:063][  0]LogTemp: Display: Loaded TP TVOSTargetPlatform
[2017.12.04-20.07.41:107][  0]LogTemp: Display: Loaded TP LinuxClientTargetPlatform
[2017.12.04-20.07.41:152][  0]LogTemp: Display: Loaded TP LinuxNoEditorTargetPlatform
[2017.12.04-20.07.41:199][  0]LogTemp: Display: Loaded TP LinuxServerTargetPlatform
[2017.12.04-20.07.41:244][  0]LogTemp: Display: Loaded TP LinuxTargetPlatform
[2017.12.04-20.07.41:244][  0]LogTargetPlatformManager: Display: Building Assets For Windows
[2017.12.04-20.07.41:751][  0]LogDerivedDataCache: Display: Max Cache Size: 512 MB
[2017.12.04-20.07.41:874][  0]LogDerivedDataCache: Loaded boot cache 0.12s 78MB C:/Users/keira/AppData/Local/UnrealEngine/4.18/DerivedDataCache/Boot.ddc.
[2017.12.04-20.07.41:874][  0]LogDerivedDataCache: Display: Loaded Boot cache: C:/Users/keira/AppData/Local/UnrealEngine/4.18/DerivedDataCache/Boot.ddc
[2017.12.04-20.07.41:874][  0]LogDerivedDataCache: FDerivedDataBackendGraph:  Pak pak cache file G:/Game creating/Foresst/DerivedDataCache/DDC.ddp not found, will not use a pak cache.
[2017.12.04-20.07.41:874][  0]LogDerivedDataCache: Unable to find inner node Pak for hierarchical cache Hierarchy.
[2017.12.04-20.07.41:874][  0]LogDerivedDataCache: FDerivedDataBackendGraph:  CompressedPak pak cache file G:/Game creating/Foresst/DerivedDataCache/Compressed.ddp not found, will not use a pak cache.
[2017.12.04-20.07.41:874][  0]LogDerivedDataCache: Unable to find inner node CompressedPak for hierarchical cache Hierarchy.
[2017.12.04-20.07.41:889][  0]LogDerivedDataCache: Display: Pak cache opened for reading ../../../Engine/DerivedDataCache/Compressed.ddp.
[2017.12.04-20.07.41:901][  0]LogDerivedDataCache: Using Local data cache path C:/Users/keira/AppData/Local/UnrealEngine/Common/DerivedDataCache: Writable
[2017.12.04-20.07.41:912][  0]LogMaterial: Verifying Global Shaders for PCD3D_SM5
[2017.12.04-20.07.41:912][  0]LogSlate: Using Freetype 2.6.0
[2017.12.04-20.07.41:913][  0]LogSlate: SlateFontCache - WITH_FREETYPE: 1, WITH_HARFBUZZ: 1
[2017.12.04-20.07.41:913][  0]LogSlate: SlateFontCache - WITH_FREETYPE: 1, WITH_HARFBUZZ: 1
[2017.12.04-20.07.42:288][  0]LogInit: Selected Device Profile: [Windows]
[2017.12.04-20.07.42:680][  0]LogSimplygon: Simplygon DLL not present - disabling.
[2017.12.04-20.07.42:717][  0]LogMeshReduction: Using SimplygonSwarm for distributed automatic mesh merging
[2017.12.04-20.07.42:717][  0]LogMeshReduction: Using QuadricMeshReduction for automatic static mesh reduction
[2017.12.04-20.07.42:717][  0]LogMeshReduction: No automatic skeletal mesh reduction module available
[2017.12.04-20.07.42:717][  0]LogMeshReduction: No automatic mesh merging module available
[2017.12.04-20.07.42:717][  0]LogMeshMerging: No automatic mesh merging module available
[2017.12.04-20.07.42:743][  0]LogNetVersion: Foresst , NetCL: 3709383, EngineNetVer: 2, GameNetVer: 0 (Checksum: 718921485)
[2017.12.04-20.07.42:917][  0]LogAssetRegistry: FAssetRegistry took 0.0294 seconds to start up
[2017.12.04-20.07.43:469][  0]LogPackageLocalizationCache: Processed 7 localized package path(s) for 2 prioritized culture(s) in 0.069726 seconds
[2017.12.04-20.07.43:475][  0]LogUObjectArray: 35900 objects as part of root set at end of initial load.
[2017.12.04-20.07.43:475][  0]LogUObjectAllocator: 7372024 out of 0 bytes used by permanent object pool.
[2017.12.04-20.07.43:475][  0]LogUObjectArray: CloseDisregardForGC: 0/0 objects in disregard for GC pool
[2017.12.04-20.07.43:529][  0]LogInit: WinSock: version 1.1 (2.2), MaxSocks=32767, MaxUdp=65467
[2017.12.04-20.07.46:295][  0]LogTcpMessaging: Initializing TcpMessaging bridge
[2017.12.04-20.07.46:343][  0]LogUdpMessaging: Initializing bridge on interface 0.0.0.0:0 to multicast group 230.0.0.1:6666.
[2017.12.04-20.07.47:049][  0]LogMaterial: Uniform references updated for custom material expression Custom.
[2017.12.04-20.07.47:459][  0]SourceControl: Source control is disabled
[2017.12.04-20.07.47:459][  0]SourceControl: Source control is disabled
[2017.12.04-20.07.47:508][  0]SourceControl: Source control is disabled
[2017.12.04-20.07.47:554][  0]SourceControl: Source control is disabled
[2017.12.04-20.07.48:357][  0]LogAndroidPermission: UAndroidPermissionCallbackProxy::GetInstance
[2017.12.04-20.07.48:599][  0]LogOcInput: OculusInput pre-init called
[2017.12.04-20.07.48:870][  0]LogEngine: Initializing Engine...
[2017.12.04-20.07.48:872][  0]LogHMD: Failed to initialize OpenVR with code 110
[2017.12.04-20.07.49:115][  0]LogStats: UGameplayTagsManager::ConstructGameplayTagTree: Construct from data asset -  0.000 s
[2017.12.04-20.07.49:115][  0]LogStats: UGameplayTagsManager::ConstructGameplayTagTree: GameplayTagTreeChangedEvent.Broadcast -  0.000 s
[2017.12.04-20.07.49:225][  0]LogAIModule: Creating AISystem for world Untitled
[2017.12.04-20.07.49:236][  0]LogInit: XAudio2 using 'Headset Earphone (7- Razer ManO'War)' : 2 channels at 48 kHz using 16 bits per sample (channel mask 0x3)
[2017.12.04-20.07.49:261][  0]LogInit: FAudioDevice initialized.
[2017.12.04-20.07.49:376][  0]LogDerivedDataCache: Saved boot cache 0.11s 78MB C:/Users/keira/AppData/Local/UnrealEngine/4.18/DerivedDataCache/Boot.ddc.
[2017.12.04-20.07.49:408][  0]LogInit: Texture streaming: Enabled
[2017.12.04-20.07.49:509][  0]LogEngineSessionManager: EngineSessionManager initialized
[2017.12.04-20.07.49:631][  0]LogInit: Transaction tracking system initialized
[2017.12.04-20.07.50:153][  0]BlueprintLog: New page: Editor Load
[2017.12.04-20.07.51:365][  0]LocalizationService: Localization service is disabled
[2017.12.04-20.07.52:086][  0]LogConsoleResponse: Display: 
[2017.12.04-20.07.52:267][  0]LogFileCache: Scanning file cache for directory 'G:/Game creating/Foresst/Content/' took 0.01s
[2017.12.04-20.07.52:267][  0]LogCook: Display: Max memory allowance for cook 16384mb min free memory 0mb
[2017.12.04-20.07.52:267][  0]LogCook: Display: Mobile HDR setting 1
[2017.12.04-20.07.52:267][  0]LogGameplayTags: Display: UGameplayTagsManager::DoneAddingNativeTags. DelegateIsBound: 0
[2017.12.04-20.07.53:717][  0]SourceControl: Source control is disabled
[2017.12.04-20.07.53:718][  0]LogFactory: FactoryCreateFile: PackFactory with PackFactory (0 0 C:/Program Files/Epic Games/UE_4.18/FeaturePacks/StarterContent.upack)
[2017.12.04-20.07.53:725][  0]LogPackFactory: Finished extracting 8 files (including 0 errors).
[2017.12.04-20.07.53:733][  0]LogPackFactory: Copied "../../../Samples/StarterContent/Content/StarterContent/Architecture/Floor_400x400.uasset" to "G:/Game creating/Foresst/Content/StarterContent/Architecture/Floor_400x400.uasset"
[2017.12.04-20.07.53:738][  0]LogPackFactory: Copied "../../../Samples/StarterContent/Content/StarterContent/Architecture/Pillar_50x500.uasset" to "G:/Game creating/Foresst/Content/StarterContent/Architecture/Pillar_50x500.uasset"
[2017.12.04-20.07.53:746][  0]LogPackFactory: Copied "../../../Samples/StarterContent/Content/StarterContent/Architecture/SM_AssetPlatform.uasset" to "G:/Game creating/Foresst/Content/StarterContent/Architecture/SM_AssetPlatform.uasset"
[2017.12.04-20.07.53:751][  0]LogPackFactory: Copied "../../../Samples/StarterContent/Content/StarterContent/Architecture/Wall_400x200.uasset" to "G:/Game creating/Foresst/Content/StarterContent/Architecture/Wall_400x200.uasset"
[2017.12.04-20.07.53:757][  0]LogPackFactory: Copied "../../../Samples/StarterContent/Content/StarterContent/Architecture/Wall_400x300.uasset" to "G:/Game creating/Foresst/Content/StarterContent/Architecture/Wall_400x300.uasset"
[2017.12.04-20.07.53:763][  0]LogPackFactory: Copied "../../../Samples/StarterContent/Content/StarterContent/Architecture/Wall_400x400.uasset" to "G:/Game creating/Foresst/Content/StarterContent/Architecture/Wall_400x400.uasset"
[2017.12.04-20.07.53:768][  0]LogPackFactory: Copied "../../../Samples/StarterContent/Content/StarterContent/Architecture/Wall_500x500.uasset" to "G:/Game creating/Foresst/Content/StarterContent/Architecture/Wall_500x500.uasset"
[2017.12.04-20.07.53:774][  0]LogPackFactory: Copied "../../../Samples/StarterContent/Content/StarterContent/Architecture/Wall_Door_400x300.uasset" to "G:/Game creating/Foresst/Content/StarterContent/Architecture/Wall_Door_400x300.uasset"
[2017.12.04-20.07.53:779][  0]LogPackFactory: Copied "../../../Samples/StarterContent/Content/StarterContent/Architecture/Wall_Door_400x400.uasset" to "G:/Game creating/Foresst/Content/StarterContent/Architecture/Wall_Door_400x400.uasset"
[2017.12.04-20.07.53:783][  0]LogPackFactory: Copied "../../../Samples/StarterContent/Content/StarterContent/Architecture/Wall_Window_400x300.uasset" to "G:/Game creating/Foresst/Content/StarterContent/Architecture/Wall_Window_400x300.uasset"
[2017.12.04-20.07.53:788][  0]LogPackFactory: Copied "../../../Samples/StarterContent/Content/StarterContent/Architecture/Wall_Window_400x400.uasset" to "G:/Game creating/Foresst/Content/StarterContent/Architecture/Wall_Window_400x400.uasset"
[2017.12.04-20.07.53:795][  0]LogPackFactory: Copied "../../../Samples/StarterContent/Content/StarterContent/Audio/Collapse01.uasset" to "G:/Game creating/Foresst/Content/StarterContent/Audio/Collapse01.uasset"
[2017.12.04-20.07.53:802][  0]LogPackFactory: Copied "../../../Samples/StarterContent/Content/StarterContent/Audio/Collapse02.uasset" to "G:/Game creating/Foresst/Content/StarterContent/Audio/Collapse02.uasset"
[2017.12.04-20.07.53:807][  0]LogPackFactory: Copied "../../../Samples/StarterContent/Content/StarterContent/Audio/Collapse_Cue.uasset" to "G:/Game creating/Foresst/Content/StarterContent/Audio/Collapse_Cue.uasset"
[2017.12.04-20.07.53:813][  0]LogPackFactory: Copied "../../../Samples/StarterContent/Content/StarterContent/Audio/Explosion01.uasset" to "G:/Game creating/Foresst/Content/StarterContent/Audio/Explosion01.uasset"
[2017.12.04-20.07.53:819][  0]LogPackFactory: Copied "../../../Samples/StarterContent/Content/StarterContent/Audio/Explosion02.uasset" to "G:/Game creating/Foresst/Content/StarterContent/Audio/Explosion02.uasset"
[2017.12.04-20.07.53:823][  0]LogPackFactory: Copied "../../../Samples/StarterContent/Content/StarterContent/Audio/Explosion_Cue.uasset" to "G:/Game creating/Foresst/Content/StarterContent/Audio/Explosion_Cue.uasset"
[2017.12.04-20.07.53:833][  0]LogPackFactory: Copied "../../../Samples/StarterContent/Content/StarterContent/Audio/Fire01.uasset" to "G:/Game creating/Foresst/Content/StarterContent/Audio/Fire01.uasset"
[2017.12.04-20.07.53:838][  0]LogPackFactory: Copied "../../../Samples/StarterContent/Content/StarterContent/Audio/Fire01_Cue.uasset" to "G:/Game creating/Foresst/Content/StarterContent/Audio/Fire01_Cue.uasset"
[2017.12.04-20.07.53:846][  0]LogPackFactory: Copied "../../../Samples/StarterContent/Content/StarterContent/Audio/Fire_Sparks01.uasset" to "G:/Game creating/Foresst/Content/StarterContent/Audio/Fire_Sparks01.uasset"
[2017.12.04-20.07.53:851][  0]LogPackFactory: Copied "../../../Samples/StarterContent/Content/StarterContent/Audio/Fire_Sparks01_Cue.uasset" to "G:/Game creating/Foresst/Content/StarterContent/Audio/Fire_Sparks01_Cue.uasset"
[2017.12.04-20.07.53:857][  0]LogPackFactory: Copied "../../../Samples/StarterContent/Content/StarterContent/Audio/Light01.uasset" to "G:/Game creating/Foresst/Content/StarterContent/Audio/Light01.uasset"
[2017.12.04-20.07.53:862][  0]LogPackFactory: Copied "../../../Samples/StarterContent/Content/StarterContent/Audio/Light01_Cue.uasset" to "G:/Game creating/Foresst/Content/StarterContent/Audio/Light01_Cue.uasset"
[2017.12.04-20.07.53:869][  0]LogPackFactory: Copied "../../../Samples/StarterContent/Content/StarterContent/Audio/Light02.uasset" to "G:/Game creating/Foresst/Content/StarterContent/Audio/Light02.uasset"
[2017.12.04-20.07.53:873][  0]LogPackFactory: Copied "../../../Samples/StarterContent/Content/StarterContent/Audio/Light02_Cue.uasset" to "G:/Game creating/Foresst/Content/StarterContent/Audio/Light02_Cue.uasset"
[2017.12.04-20.07.53:880][  0]LogPackFactory: Copied "../../../Samples/StarterContent/Content/StarterContent/Audio/Smoke01.uasset" to "G:/Game creating/Foresst/Content/StarterContent/Audio/Smoke01.uasset"
[2017.12.04-20.07.53:885][  0]LogPackFactory: Copied "../../../Samples/StarterContent/Content/StarterContent/Audio/Smoke01_Cue.uasset" to "G:/Game creating/Foresst/Content/StarterContent/Audio/Smoke01_Cue.uasset"
[2017.12.04-20.07.53:890][  0]LogPackFactory: Copied "../../../Samples/StarterContent/Content/StarterContent/Audio/Starter_Background_Cue.uasset" to "G:/Game creating/Foresst/Content/StarterContent/Audio/Starter_Background_Cue.uasset"
[2017.12.04-20.07.53:909][  0]LogPackFactory: Copied "../../../Samples/StarterContent/Content/StarterContent/Audio/Starter_Birds01.uasset" to "G:/Game creating/Foresst/Content/StarterContent/Audio/Starter_Birds01.uasset"
[2017.12.04-20.07.53:967][  0]LogPackFactory: Copied "../../../Samples/StarterContent/Content/StarterContent/Audio/Starter_Music01.uasset" to "G:/Game creating/Foresst/Content/StarterContent/Audio/Starter_Music01.uasset"
[2017.12.04-20.07.53:975][  0]LogPackFactory: Copied "../../../Samples/StarterContent/Content/StarterContent/Audio/Starter_Music_Cue.uasset" to "G:/Game creating/Foresst/Content/StarterContent/Audio/Starter_Music_Cue.uasset"
[2017.12.04-20.07.53:996][  0]LogPackFactory: Copied "../../../Samples/StarterContent/Content/StarterContent/Audio/Starter_Wind05.uasset" to "G:/Game creating/Foresst/Content/StarterContent/Audio/Starter_Wind05.uasset"
[2017.12.04-20.07.54:017][  0]LogPackFactory: Copied "../../../Samples/StarterContent/Content/StarterContent/Audio/Starter_Wind06.uasset" to "G:/Game creating/Foresst/Content/StarterContent/Audio/Starter_Wind06.uasset"
[2017.12.04-20.07.54:031][  0]LogPackFactory: Copied "../../../Samples/StarterContent/Content/StarterContent/Audio/Steam01.uasset" to "G:/Game creating/Foresst/Content/StarterContent/Audio/Steam01.uasset"
[2017.12.04-20.07.54:039][  0]LogPackFactory: Copied "../../../Samples/StarterContent/Content/StarterContent/Audio/Steam01_Cue.uasset" to "G:/Game creating/Foresst/Content/StarterContent/Audio/Steam01_Cue.uasset"
[2017.12.04-20.07.54:049][  0]LogPackFactory: Copied "../../../Samples/StarterContent/Content/StarterContent/Blueprints/Blueprint_CeilingLight.uasset" to "G:/Game creating/Foresst/Content/StarterContent/Blueprints/Blueprint_CeilingLight.uasset"
[2017.12.04-20.07.54:058][  0]LogPackFactory: Copied "../../../Samples/StarterContent/Content/StarterContent/Blueprints/Blueprint_Effect_Explosion.uasset" to "G:/Game creating/Foresst/Content/StarterContent/Blueprints/Blueprint_Effect_Explosion.uasset"
[2017.12.04-20.07.54:068][  0]LogPackFactory: Copied "../../../Samples/StarterContent/Content/StarterContent/Blueprints/Blueprint_Effect_Fire.uasset" to "G:/Game creating/Foresst/Content/StarterContent/Blueprints/Blueprint_Effect_Fire.uasset"
[2017.12.04-20.07.54:076][  0]LogPackFactory: Copied "../../../Samples/StarterContent/Content/StarterContent/Blueprints/Blueprint_Effect_Smoke.uasset" to "G:/Game creating/Foresst/Content/StarterContent/Blueprints/Blueprint_Effect_Smoke.uasset"
[2017.12.04-20.07.54:086][  0]LogPackFactory: Copied "../../../Samples/StarterContent/Content/StarterContent/Blueprints/Blueprint_Effect_Sparks.uasset" to "G:/Game creating/Foresst/Content/StarterContent/Blueprints/Blueprint_Effect_Sparks.uasset"
[2017.12.04-20.07.54:096][  0]LogPackFactory: Copied "../../../Samples/StarterContent/Content/StarterContent/Blueprints/Blueprint_Effect_Steam.uasset" to "G:/Game creating/Foresst/Content/StarterContent/Blueprints/Blueprint_Effect_Steam.uasset"
[2017.12.04-20.07.54:106][  0]LogPackFactory: Copied "../../../Samples/StarterContent/Content/StarterContent/Blueprints/Blueprint_WallSconce.uasset" to "G:/Game creating/Foresst/Content/StarterContent/Blueprints/Blueprint_WallSconce.uasset"
[2017.12.04-20.07.54:116][  0]LogPackFactory: Copied "../../../Samples/StarterContent/Content/StarterContent/Blueprints/BP_LightStudio.uasset" to "G:/Game creating/Foresst/Content/StarterContent/Blueprints/BP_LightStudio.uasset"
[2017.12.04-20.07.54:124][  0]LogPackFactory: Copied "../../../Samples/StarterContent/Content/StarterContent/Blueprints/Assets/FogBrightnessLUT.uasset" to "G:/Game creating/Foresst/Content/StarterContent/Blueprints/Assets/FogBrightnessLUT.uasset"
[2017.12.04-20.07.54:133][  0]LogPackFactory: Copied "../../../Samples/StarterContent/Content/StarterContent/Blueprints/Assets/M_LightStage_Arrows.uasset" to "G:/Game creating/Foresst/Content/StarterContent/Blueprints/Assets/M_LightStage_Arrows.uasset"
[2017.12.04-20.07.54:143][  0]LogPackFactory: Copied "../../../Samples/StarterContent/Content/StarterContent/Blueprints/Assets/M_LightStage_Skybox_Black.uasset" to "G:/Game creating/Foresst/Content/StarterContent/Blueprints/Assets/M_LightStage_Skybox_Black.uasset"
[2017.12.04-20.07.54:153][  0]LogPackFactory: Copied "../../../Samples/StarterContent/Content/StarterContent/Blueprints/Assets/M_LightStage_Skybox_HDRI.uasset" to "G:/Game creating/Foresst/Content/StarterContent/Blueprints/Assets/M_LightStage_Skybox_HDRI.uasset"
[2017.12.04-20.07.54:162][  0]LogPackFactory: Copied "../../../Samples/StarterContent/Content/StarterContent/Blueprints/Assets/M_LightStage_Skybox_Master.uasset" to "G:/Game creating/Foresst/Content/StarterContent/Blueprints/Assets/M_LightStage_Skybox_Master.uasset"
[2017.12.04-20.07.54:174][  0]LogPackFactory: Copied "../../../Samples/StarterContent/Content/StarterContent/Blueprints/Assets/Skybox.uasset" to "G:/Game creating/Foresst/Content/StarterContent/Blueprints/Assets/Skybox.uasset"
[2017.12.04-20.07.54:197][  0]LogPackFactory: Copied "../../../Samples/StarterContent/Content/StarterContent/Blueprints/Assets/SM_Arrows.uasset" to "G:/Game creating/Foresst/Content/StarterContent/Blueprints/Assets/SM_Arrows.uasset"
[2017.12.04-20.07.54:205][  0]LogPackFactory: Copied "../../../Samples/StarterContent/Content/StarterContent/Blueprints/Assets/SunlightColorLUT.uasset" to "G:/Game creating/Foresst/Content/StarterContent/Blueprints/Assets/SunlightColorLUT.uasset"
[2017.12.04-20.07.55:069][  0]LogPackFactory: Copied "../../../Samples/StarterContent/Content/StarterContent/HDRI/HDRI_Epic_Courtyard_Daylight.uasset" to "G:/Game creating/Foresst/Content/StarterContent/HDRI/HDRI_Epic_Courtyard_Daylight.uasset"
[2017.12.04-20.07.55:079][  0]LogPackFactory: Copied "../../../Samples/StarterContent/Content/StarterContent/Maps/Advanced_Lighting.umap" to "G:/Game creating/Foresst/Content/StarterContent/Maps/Advanced_Lighting.umap"
[2017.12.04-20.07.55:091][  0]LogPackFactory: Copied "../../../Samples/StarterContent/Content/StarterContent/Maps/Advanced_Lighting_BuiltData.uasset" to "G:/Game creating/Foresst/Content/StarterContent/Maps/Advanced_Lighting_BuiltData.uasset"
[2017.12.04-20.07.55:108][  0]LogPackFactory: Copied "../../../Samples/StarterContent/Content/StarterContent/Maps/Minimal_Default.umap" to "G:/Game creating/Foresst/Content/StarterContent/Maps/Minimal_Default.umap"
[2017.12.04-20.07.55:121][  0]LogPackFactory: Copied "../../../Samples/StarterContent/Content/StarterContent/Maps/Minimal_Default_BuiltData.uasset" to "G:/Game creating/Foresst/Content/StarterContent/Maps/Minimal_Default_BuiltData.uasset"
[2017.12.04-20.07.55:163][  0]LogPackFactory: Copied "../../../Samples/StarterContent/Content/StarterContent/Maps/StarterMap.umap" to "G:/Game creating/Foresst/Content/StarterContent/Maps/StarterMap.umap"
[2017.12.04-20.07.55:289][  0]LogPackFactory: Copied "../../../Samples/StarterContent/Content/StarterContent/Maps/StarterMap_BuiltData.uasset" to "G:/Game creating/Foresst/Content/StarterContent/Maps/StarterMap_BuiltData.uasset"
[2017.12.04-20.07.55:305][  0]LogPackFactory: Copied "../../../Samples/StarterContent/Content/StarterContent/Materials/M_AssetPlatform.uasset" to "G:/Game creating/Foresst/Content/StarterContent/Materials/M_AssetPlatform.uasset"
[2017.12.04-20.07.55:316][  0]LogPackFactory: Copied "../../../Samples/StarterContent/Content/StarterContent/Materials/M_Basic_Floor.uasset" to "G:/Game creating/Foresst/Content/StarterContent/Materials/M_Basic_Floor.uasset"
[2017.12.04-20.07.55:326][  0]LogPackFactory: Copied "../../../Samples/StarterContent/Content/StarterContent/Materials/M_Basic_Wall.uasset" to "G:/Game creating/Foresst/Content/StarterContent/Materials/M_Basic_Wall.uasset"
[2017.12.04-20.07.55:336][  0]LogPackFactory: Copied "../../../Samples/StarterContent/Content/StarterContent/Materials/M_Brick_Clay_Beveled.uasset" to "G:/Game creating/Foresst/Content/StarterContent/Materials/M_Brick_Clay_Beveled.uasset"
[2017.12.04-20.07.55:345][  0]LogPackFactory: Copied "../../../Samples/StarterContent/Content/StarterContent/Materials/M_Brick_Clay_New.uasset" to "G:/Game creating/Foresst/Content/StarterContent/Materials/M_Brick_Clay_New.uasset"
[2017.12.04-20.07.55:356][  0]LogPackFactory: Copied "../../../Samples/StarterContent/Content/StarterContent/Materials/M_Brick_Clay_Old.uasset" to "G:/Game creating/Foresst/Content/StarterContent/Materials/M_Brick_Clay_Old.uasset"
[2017.12.04-20.07.55:366][  0]LogPackFactory: Copied "../../../Samples/StarterContent/Content/StarterContent/Materials/M_Brick_Cut_Stone.uasset" to "G:/Game creating/Foresst/Content/StarterContent/Materials/M_Brick_Cut_Stone.uasset"
[2017.12.04-20.07.55:375][  0]LogPackFactory: Copied "../../../Samples/StarterContent/Content/StarterContent/Materials/M_Brick_Hewn_Stone.uasset" to "G:/Game creating/Foresst/Content/StarterContent/Materials/M_Brick_Hewn_Stone.uasset"
[2017.12.04-20.07.55:385][  0]LogPackFactory: Copied "../../../Samples/StarterContent/Content/StarterContent/Materials/M_Ceramic_Tile_Checker.uasset" to "G:/Game creating/Foresst/Content/StarterContent/Materials/M_Ceramic_Tile_Checker.uasset"
[2017.12.04-20.07.55:395][  0]LogPackFactory: Copied "../../../Samples/StarterContent/Content/StarterContent/Materials/M_CobbleStone_Pebble.uasset" to "G:/Game creating/Foresst/Content/StarterContent/Materials/M_CobbleStone_Pebble.uasset"
[2017.12.04-20.07.55:406][  0]LogPackFactory: Copied "../../../Samples/StarterContent/Content/StarterContent/Materials/M_CobbleStone_Rough.uasset" to "G:/Game creating/Foresst/Content/StarterContent/Materials/M_CobbleStone_Rough.uasset"
[2017.12.04-20.07.55:416][  0]LogPackFactory: Copied "../../../Samples/StarterContent/Content/StarterContent/Materials/M_CobbleStone_Smooth.uasset" to "G:/Game creating/Foresst/Content/StarterContent/Materials/M_CobbleStone_Smooth.uasset"
[2017.12.04-20.07.55:427][  0]LogPackFactory: Copied "../../../Samples/StarterContent/Content/StarterContent/Materials/M_ColorGrid_LowSpec.uasset" to "G:/Game creating/Foresst/Content/StarterContent/Materials/M_ColorGrid_LowSpec.uasset"
[2017.12.04-20.07.55:437][  0]LogPackFactory: Copied "../../../Samples/StarterContent/Content/StarterContent/Materials/M_Concrete_Grime.uasset" to "G:/Game creating/Foresst/Content/StarterContent/Materials/M_Concrete_Grime.uasset"
[2017.12.04-20.07.55:446][  0]LogPackFactory: Copied "../../../Samples/StarterContent/Content/StarterContent/Materials/M_Concrete_Panels.uasset" to "G:/Game creating/Foresst/Content/StarterContent/Materials/M_Concrete_Panels.uasset"
[2017.12.04-20.07.55:456][  0]LogPackFactory: Copied "../../../Samples/StarterContent/Content/StarterContent/Materials/M_Concrete_Poured.uasset" to "G:/Game creating/Foresst/Content/StarterContent/Materials/M_Concrete_Poured.uasset"
[2017.12.04-20.07.55:468][  0]LogPackFactory: Copied "../../../Samples/StarterContent/Content/StarterContent/Materials/M_Concrete_Tiles.uasset" to "G:/Game creating/Foresst/Content/StarterContent/Materials/M_Concrete_Tiles.uasset"
[2017.12.04-20.07.55:477][  0]LogPackFactory: Copied "../../../Samples/StarterContent/Content/StarterContent/Materials/M_Glass.uasset" to "G:/Game creating/Foresst/Content/StarterContent/Materials/M_Glass.uasset"
[2017.12.04-20.07.55:488][  0]LogPackFactory: Copied "../../../Samples/StarterContent/Content/StarterContent/Materials/M_Ground_Grass.uasset" to "G:/Game creating/Foresst/Content/StarterContent/Materials/M_Ground_Grass.uasset"
[2017.12.04-20.07.55:498][  0]LogPackFactory: Copied "../../../Samples/StarterContent/Content/StarterContent/Materials/M_Ground_Gravel.uasset" to "G:/Game creating/Foresst/Content/StarterContent/Materials/M_Ground_Gravel.uasset"
[2017.12.04-20.07.55:508][  0]LogPackFactory: Copied "../../../Samples/StarterContent/Content/StarterContent/Materials/M_Ground_Moss.uasset" to "G:/Game creating/Foresst/Content/StarterContent/Materials/M_Ground_Moss.uasset"
[2017.12.04-20.07.55:517][  0]LogPackFactory: Copied "../../../Samples/StarterContent/Content/StarterContent/Materials/M_Metal_Brushed_Nickel.uasset" to "G:/Game creating/Foresst/Content/StarterContent/Materials/M_Metal_Brushed_Nickel.uasset"
[2017.12.04-20.07.55:526][  0]LogPackFactory: Copied "../../../Samples/StarterContent/Content/StarterContent/Materials/M_Metal_Burnished_Steel.uasset" to "G:/Game creating/Foresst/Content/StarterContent/Materials/M_Metal_Burnished_Steel.uasset"
[2017.12.04-20.07.55:536][  0]LogPackFactory: Copied "../../../Samples/StarterContent/Content/StarterContent/Materials/M_Metal_Chrome.uasset" to "G:/Game creating/Foresst/Content/StarterContent/Materials/M_Metal_Chrome.uasset"
[2017.12.04-20.07.55:545][  0]LogPackFactory: Copied "../../../Samples/StarterContent/Content/StarterContent/Materials/M_Metal_Copper.uasset" to "G:/Game creating/Foresst/Content/StarterContent/Materials/M_Metal_Copper.uasset"
[2017.12.04-20.07.55:555][  0]LogPackFactory: Copied "../../../Samples/StarterContent/Content/StarterContent/Materials/M_Metal_Gold.uasset" to "G:/Game creating/Foresst/Content/StarterContent/Materials/M_Metal_Gold.uasset"
[2017.12.04-20.07.55:565][  0]LogPackFactory: Copied "../../../Samples/StarterContent/Content/StarterContent/Materials/M_Metal_Rust.uasset" to "G:/Game creating/Foresst/Content/StarterContent/Materials/M_Metal_Rust.uasset"
[2017.12.04-20.07.55:575][  0]LogPackFactory: Copied "../../../Samples/StarterContent/Content/StarterContent/Materials/M_Metal_Steel.uasset" to "G:/Game creating/Foresst/Content/StarterContent/Materials/M_Metal_Steel.uasset"
[2017.12.04-20.07.55:585][  0]LogPackFactory: Copied "../../../Samples/StarterContent/Content/StarterContent/Materials/M_Rock_Basalt.uasset" to "G:/Game creating/Foresst/Content/StarterContent/Materials/M_Rock_Basalt.uasset"
[2017.12.04-20.07.55:595][  0]LogPackFactory: Copied "../../../Samples/StarterContent/Content/StarterContent/Materials/M_Rock_Marble_Polished.uasset" to "G:/Game creating/Foresst/Content/StarterContent/Materials/M_Rock_Marble_Polished.uasset"
[2017.12.04-20.07.55:605][  0]LogPackFactory: Copied "../../../Samples/StarterContent/Content/StarterContent/Materials/M_Rock_Sandstone.uasset" to "G:/Game creating/Foresst/Content/StarterContent/Materials/M_Rock_Sandstone.uasset"
[2017.12.04-20.07.55:614][  0]LogPackFactory: Copied "../../../Samples/StarterContent/Content/StarterContent/Materials/M_Rock_Slate.uasset" to "G:/Game creating/Foresst/Content/StarterContent/Materials/M_Rock_Slate.uasset"
[2017.12.04-20.07.55:629][  0]LogPackFactory: Copied "../../../Samples/StarterContent/Content/StarterContent/Materials/M_Tech_Checker_Dot.uasset" to "G:/Game creating/Foresst/Content/StarterContent/Materials/M_Tech_Checker_Dot.uasset"
[2017.12.04-20.07.55:647][  0]LogPackFactory: Copied "../../../Samples/StarterContent/Content/StarterContent/Materials/M_Tech_Hex_Tile.uasset" to "G:/Game creating/Foresst/Content/StarterContent/Materials/M_Tech_Hex_Tile.uasset"
[2017.12.04-20.07.55:657][  0]LogPackFactory: Copied "../../../Samples/StarterContent/Content/StarterContent/Materials/M_Tech_Hex_Tile_Pulse.uasset" to "G:/Game creating/Foresst/Content/StarterContent/Materials/M_Tech_Hex_Tile_Pulse.uasset"
[2017.12.04-20.07.55:668][  0]LogPackFactory: Copied "../../../Samples/StarterContent/Content/StarterContent/Materials/M_Tech_Panel.uasset" to "G:/Game creating/Foresst/Content/StarterContent/Materials/M_Tech_Panel.uasset"
[2017.12.04-20.07.55:676][  0]LogPackFactory: Copied "../../../Samples/StarterContent/Content/StarterContent/Materials/M_Water_Lake.uasset" to "G:/Game creating/Foresst/Content/StarterContent/Materials/M_Water_Lake.uasset"
[2017.12.04-20.07.55:686][  0]LogPackFactory: Copied "../../../Samples/StarterContent/Content/StarterContent/Materials/M_Water_Ocean.uasset" to "G:/Game creating/Foresst/Content/StarterContent/Materials/M_Water_Ocean.uasset"
[2017.12.04-20.07.55:694][  0]LogPackFactory: Copied "../../../Samples/StarterContent/Content/StarterContent/Materials/M_Wood_Floor_Walnut_Polished.uasset" to "G:/Game creating/Foresst/Content/StarterContent/Materials/M_Wood_Floor_Walnut_Polished.uasset"
[2017.12.04-20.07.55:702][  0]LogPackFactory: Copied "../../../Samples/StarterContent/Content/StarterContent/Materials/M_Wood_Floor_Walnut_Worn.uasset" to "G:/Game creating/Foresst/Content/StarterContent/Materials/M_Wood_Floor_Walnut_Worn.uasset"
[2017.12.04-20.07.55:709][  0]LogPackFactory: Copied "../../../Samples/StarterContent/Content/StarterContent/Materials/M_Wood_Oak.uasset" to "G:/Game creating/Foresst/Content/StarterContent/Materials/M_Wood_Oak.uasset"
[2017.12.04-20.07.55:715][  0]LogPackFactory: Copied "../../../Samples/StarterContent/Content/StarterContent/Materials/M_Wood_Pine.uasset" to "G:/Game creating/Foresst/Content/StarterContent/Materials/M_Wood_Pine.uasset"
[2017.12.04-20.07.55:722][  0]LogPackFactory: Copied "../../../Samples/StarterContent/Content/StarterContent/Materials/M_Wood_Walnut.uasset" to "G:/Game creating/Foresst/Content/StarterContent/Materials/M_Wood_Walnut.uasset"
[2017.12.04-20.07.55:735][  0]LogPackFactory: Copied "../../../Samples/StarterContent/Content/StarterContent/Particles/P_Ambient_Dust.uasset" to "G:/Game creating/Foresst/Content/StarterContent/Particles/P_Ambient_Dust.uasset"
[2017.12.04-20.07.55:743][  0]LogPackFactory: Copied "../../../Samples/StarterContent/Content/StarterContent/Particles/P_Explosion.uasset" to "G:/Game creating/Foresst/Content/StarterContent/Particles/P_Explosion.uasset"
[2017.12.04-20.07.55:751][  0]LogPackFactory: Copied "../../../Samples/StarterContent/Content/StarterContent/Particles/P_Fire.uasset" to "G:/Game creating/Foresst/Content/StarterContent/Particles/P_Fire.uasset"
[2017.12.04-20.07.55:757][  0]LogPackFactory: Copied "../../../Samples/StarterContent/Content/StarterContent/Particles/P_Smoke.uasset" to "G:/Game creating/Foresst/Content/StarterContent/Particles/P_Smoke.uasset"
[2017.12.04-20.07.55:765][  0]LogPackFactory: Copied "../../../Samples/StarterContent/Content/StarterContent/Particles/P_Sparks.uasset" to "G:/Game creating/Foresst/Content/StarterContent/Particles/P_Sparks.uasset"
[2017.12.04-20.07.55:771][  0]LogPackFactory: Copied "../../../Samples/StarterContent/Content/StarterContent/Particles/P_Steam_Lit.uasset" to "G:/Game creating/Foresst/Content/StarterContent/Particles/P_Steam_Lit.uasset"
[2017.12.04-20.07.55:777][  0]LogPackFactory: Copied "../../../Samples/StarterContent/Content/StarterContent/Particles/Materials/M_Burst.uasset" to "G:/Game creating/Foresst/Content/StarterContent/Particles/Materials/M_Burst.uasset"
[2017.12.04-20.07.55:784][  0]LogPackFactory: Copied "../../../Samples/StarterContent/Content/StarterContent/Particles/Materials/M_Dust_Particle.uasset" to "G:/Game creating/Foresst/Content/StarterContent/Particles/Materials/M_Dust_Particle.uasset"
[2017.12.04-20.07.55:791][  0]LogPackFactory: Copied "../../../Samples/StarterContent/Content/StarterContent/Particles/Materials/M_explosion_subUV.uasset" to "G:/Game creating/Foresst/Content/StarterContent/Particles/Materials/M_explosion_subUV.uasset"
[2017.12.04-20.07.55:798][  0]LogPackFactory: Copied "../../../Samples/StarterContent/Content/StarterContent/Particles/Materials/M_Fire_SubUV.uasset" to "G:/Game creating/Foresst/Content/StarterContent/Particles/Materials/M_Fire_SubUV.uasset"
[2017.12.04-20.07.55:804][  0]LogPackFactory: Copied "../../../Samples/StarterContent/Content/StarterContent/Particles/Materials/m_flare_01.uasset" to "G:/Game creating/Foresst/Content/StarterContent/Particles/Materials/m_flare_01.uasset"
[2017.12.04-20.07.55:810][  0]LogPackFactory: Copied "../../../Samples/StarterContent/Content/StarterContent/Particles/Materials/M_Heat_Distortion.uasset" to "G:/Game creating/Foresst/Content/StarterContent/Particles/Materials/M_Heat_Distortion.uasset"
[2017.12.04-20.07.55:824][  0]LogPackFactory: Copied "../../../Samples/StarterContent/Content/StarterContent/Particles/Materials/M_Radial_Gradient.uasset" to "G:/Game creating/Foresst/Content/StarterContent/Particles/Materials/M_Radial_Gradient.uasset"
[2017.12.04-20.07.55:837][  0]LogPackFactory: Copied "../../../Samples/StarterContent/Content/StarterContent/Particles/Materials/M_radial_ramp.uasset" to "G:/Game creating/Foresst/Content/StarterContent/Particles/Materials/M_radial_ramp.uasset"
[2017.12.04-20.07.55:852][  0]LogPackFactory: Copied "../../../Samples/StarterContent/Content/StarterContent/Particles/Materials/M_smoke_subUV.uasset" to "G:/Game creating/Foresst/Content/StarterContent/Particles/Materials/M_smoke_subUV.uasset"
[2017.12.04-20.07.55:865][  0]LogPackFactory: Copied "../../../Samples/StarterContent/Content/StarterContent/Particles/Materials/M_Spark.uasset" to "G:/Game creating/Foresst/Content/StarterContent/Particles/Materials/M_Spark.uasset"
[2017.12.04-20.07.55:879][  0]LogPackFactory: Copied "../../../Samples/StarterContent/Content/StarterContent/Props/MaterialSphere.uasset" to "G:/Game creating/Foresst/Content/StarterContent/Props/MaterialSphere.uasset"
[2017.12.04-20.07.55:899][  0]LogPackFactory: Copied "../../../Samples/StarterContent/Content/StarterContent/Props/SM_Bush.uasset" to "G:/Game creating/Foresst/Content/StarterContent/Props/SM_Bush.uasset"
[2017.12.04-20.07.55:908][  0]LogPackFactory: Copied "../../../Samples/StarterContent/Content/StarterContent/Props/SM_Chair.uasset" to "G:/Game creating/Foresst/Content/StarterContent/Props/SM_Chair.uasset"
[2017.12.04-20.07.55:915][  0]LogPackFactory: Copied "../../../Samples/StarterContent/Content/StarterContent/Props/SM_CornerFrame.uasset" to "G:/Game creating/Foresst/Content/StarterContent/Props/SM_CornerFrame.uasset"
[2017.12.04-20.07.55:923][  0]LogPackFactory: Copied "../../../Samples/StarterContent/Content/StarterContent/Props/SM_Couch.uasset" to "G:/Game creating/Foresst/Content/StarterContent/Props/SM_Couch.uasset"
[2017.12.04-20.07.55:931][  0]LogPackFactory: Copied "../../../Samples/StarterContent/Content/StarterContent/Props/SM_Door.uasset" to "G:/Game creating/Foresst/Content/StarterContent/Props/SM_Door.uasset"
[2017.12.04-20.07.55:937][  0]LogPackFactory: Copied "../../../Samples/StarterContent/Content/StarterContent/Props/SM_DoorFrame.uasset" to "G:/Game creating/Foresst/Content/StarterContent/Props/SM_DoorFrame.uasset"
[2017.12.04-20.07.55:948][  0]LogPackFactory: Copied "../../../Samples/StarterContent/Content/StarterContent/Props/SM_GlassWindow.uasset" to "G:/Game creating/Foresst/Content/StarterContent/Props/SM_GlassWindow.uasset"
[2017.12.04-20.07.55:955][  0]LogPackFactory: Copied "../../../Samples/StarterContent/Content/StarterContent/Props/SM_Lamp_Ceiling.uasset" to "G:/Game creating/Foresst/Content/StarterContent/Props/SM_Lamp_Ceiling.uasset"
[2017.12.04-20.07.55:962][  0]LogPackFactory: Copied "../../../Samples/StarterContent/Content/StarterContent/Props/SM_Lamp_Wall.uasset" to "G:/Game creating/Foresst/Content/StarterContent/Props/SM_Lamp_Wall.uasset"
[2017.12.04-20.07.55:981][  0]LogPackFactory: Copied "../../../Samples/StarterContent/Content/StarterContent/Props/SM_MatPreviewMesh_02.uasset" to "G:/Game creating/Foresst/Content/StarterContent/Props/SM_MatPreviewMesh_02.uasset"
[2017.12.04-20.07.55:987][  0]LogPackFactory: Copied "../../../Samples/StarterContent/Content/StarterContent/Props/SM_PillarFrame.uasset" to "G:/Game creating/Foresst/Content/StarterContent/Props/SM_PillarFrame.uasset"
[2017.12.04-20.07.55:994][  0]LogPackFactory: Copied "../../../Samples/StarterContent/Content/StarterContent/Props/SM_PillarFrame300.uasset" to "G:/Game creating/Foresst/Content/StarterContent/Props/SM_PillarFrame300.uasset"
[2017.12.04-20.07.56:001][  0]LogPackFactory: Copied "../../../Samples/StarterContent/Content/StarterContent/Props/SM_Rock.uasset" to "G:/Game creating/Foresst/Content/StarterContent/Props/SM_Rock.uasset"
[2017.12.04-20.07.56:008][  0]LogPackFactory: Copied "../../../Samples/StarterContent/Content/StarterContent/Props/SM_Shelf.uasset" to "G:/Game creating/Foresst/Content/StarterContent/Props/SM_Shelf.uasset"
[2017.12.04-20.07.56:015][  0]LogPackFactory: Copied "../../../Samples/StarterContent/Content/StarterContent/Props/SM_Stairs.uasset" to "G:/Game creating/Foresst/Content/StarterContent/Props/SM_Stairs.uasset"
[2017.12.04-20.07.56:024][  0]LogPackFactory: Copied "../../../Samples/StarterContent/Content/StarterContent/Props/SM_Statue.uasset" to "G:/Game creating/Foresst/Content/StarterContent/Props/SM_Statue.uasset"
[2017.12.04-20.07.56:050][  0]LogPackFactory: Copied "../../../Samples/StarterContent/Content/StarterContent/Props/SM_TableRound.uasset" to "G:/Game creating/Foresst/Content/StarterContent/Props/SM_TableRound.uasset"
[2017.12.04-20.07.56:056][  0]LogPackFactory: Copied "../../../Samples/StarterContent/Content/StarterContent/Props/SM_WindowFrame.uasset" to "G:/Game creating/Foresst/Content/StarterContent/Props/SM_WindowFrame.uasset"
[2017.12.04-20.07.56:062][  0]LogPackFactory: Copied "../../../Samples/StarterContent/Content/StarterContent/Props/Materials/M_Bush.uasset" to "G:/Game creating/Foresst/Content/StarterContent/Props/Materials/M_Bush.uasset"
[2017.12.04-20.07.56:067][  0]LogPackFactory: Copied "../../../Samples/StarterContent/Content/StarterContent/Props/Materials/M_Chair.uasset" to "G:/Game creating/Foresst/Content/StarterContent/Props/Materials/M_Chair.uasset"
[2017.12.04-20.07.56:074][  0]LogPackFactory: Copied "../../../Samples/StarterContent/Content/StarterContent/Props/Materials/M_Door.uasset" to "G:/Game creating/Foresst/Content/StarterContent/Props/Materials/M_Door.uasset"
[2017.12.04-20.07.56:079][  0]LogPackFactory: Copied "../../../Samples/StarterContent/Content/StarterContent/Props/Materials/M_Frame.uasset" to "G:/Game creating/Foresst/Content/StarterContent/Props/Materials/M_Frame.uasset"
[2017.12.04-20.07.56:085][  0]LogPackFactory: Copied "../../../Samples/StarterContent/Content/StarterContent/Props/Materials/M_Lamp.uasset" to "G:/Game creating/Foresst/Content/StarterContent/Props/Materials/M_Lamp.uasset"
[2017.12.04-20.07.56:090][  0]LogPackFactory: Copied "../../../Samples/StarterContent/Content/StarterContent/Props/Materials/M_MaterialSphere.uasset" to "G:/Game creating/Foresst/Content/StarterContent/Props/Materials/M_MaterialSphere.uasset"
[2017.12.04-20.07.56:095][  0]LogPackFactory: Copied "../../../Samples/StarterContent/Content/StarterContent/Props/Materials/M_MaterialSphere_Plain.uasset" to "G:/Game creating/Foresst/Content/StarterContent/Props/Materials/M_MaterialSphere_Plain.uasset"
[2017.12.04-20.07.56:101][  0]LogPackFactory: Copied "../../../Samples/StarterContent/Content/StarterContent/Props/Materials/M_Rock.uasset" to "G:/Game creating/Foresst/Content/StarterContent/Props/Materials/M_Rock.uasset"
[2017.12.04-20.07.56:106][  0]LogPackFactory: Copied "../../../Samples/StarterContent/Content/StarterContent/Props/Materials/M_Shelf.uasset" to "G:/Game creating/Foresst/Content/StarterContent/Props/Materials/M_Shelf.uasset"
[2017.12.04-20.07.56:112][  0]LogPackFactory: Copied "../../../Samples/StarterContent/Content/StarterContent/Props/Materials/M_Statue.uasset" to "G:/Game creating/Foresst/Content/StarterContent/Props/Materials/M_Statue.uasset"
[2017.12.04-20.07.56:118][  0]LogPackFactory: Copied "../../../Samples/StarterContent/Content/StarterContent/Props/Materials/M_StatueGlass.uasset" to "G:/Game creating/Foresst/Content/StarterContent/Props/Materials/M_StatueGlass.uasset"
[2017.12.04-20.07.56:125][  0]LogPackFactory: Copied "../../../Samples/StarterContent/Content/StarterContent/Props/Materials/M_TableRound.uasset" to "G:/Game creating/Foresst/Content/StarterContent/Props/Materials/M_TableRound.uasset"
[2017.12.04-20.07.56:133][  0]LogPackFactory: Copied "../../../Samples/StarterContent/Content/StarterContent/Shapes/Shape_Cone.uasset" to "G:/Game creating/Foresst/Content/StarterContent/Shapes/Shape_Cone.uasset"
[2017.12.04-20.07.56:140][  0]LogPackFactory: Copied "../../../Samples/StarterContent/Content/StarterContent/Shapes/Shape_Cube.uasset" to "G:/Game creating/Foresst/Content/StarterContent/Shapes/Shape_Cube.uasset"
[2017.12.04-20.07.56:150][  0]LogPackFactory: Copied "../../../Samples/StarterContent/Content/StarterContent/Shapes/Shape_Cylinder.uasset" to "G:/Game creating/Foresst/Content/StarterContent/Shapes/Shape_Cylinder.uasset"
[2017.12.04-20.07.56:158][  0]LogPackFactory: Copied "../../../Samples/StarterContent/Content/StarterContent/Shapes/Shape_NarrowCapsule.uasset" to "G:/Game creating/Foresst/Content/StarterContent/Shapes/Shape_NarrowCapsule.uasset"
[2017.12.04-20.07.56:165][  0]LogPackFactory: Copied "../../../Samples/StarterContent/Content/StarterContent/Shapes/Shape_Pipe.uasset" to "G:/Game creating/Foresst/Content/StarterContent/Shapes/Shape_Pipe.uasset"
[2017.12.04-20.07.56:173][  0]LogPackFactory: Copied "../../../Samples/StarterContent/Content/StarterContent/Shapes/Shape_Pipe_180.uasset" to "G:/Game creating/Foresst/Content/StarterContent/Shapes/Shape_Pipe_180.uasset"
[2017.12.04-20.07.56:181][  0]LogPackFactory: Copied "../../../Samples/StarterContent/Content/StarterContent/Shapes/Shape_Pipe_90.uasset" to "G:/Game creating/Foresst/Content/StarterContent/Shapes/Shape_Pipe_90.uasset"
[2017.12.04-20.07.56:189][  0]LogPackFactory: Copied "../../../Samples/StarterContent/Content/StarterContent/Shapes/Shape_Plane.uasset" to "G:/Game creating/Foresst/Content/StarterContent/Shapes/Shape_Plane.uasset"
[2017.12.04-20.07.56:197][  0]LogPackFactory: Copied "../../../Samples/StarterContent/Content/StarterContent/Shapes/Shape_QuadPyramid.uasset" to "G:/Game creating/Foresst/Content/StarterContent/Shapes/Shape_QuadPyramid.uasset"
[2017.12.04-20.07.56:208][  0]LogPackFactory: Copied "../../../Samples/StarterContent/Content/StarterContent/Shapes/Shape_Sphere.uasset" to "G:/Game creating/Foresst/Content/StarterContent/Shapes/Shape_Sphere.uasset"
[2017.12.04-20.07.56:219][  0]LogPackFactory: Copied "../../../Samples/StarterContent/Content/StarterContent/Shapes/Shape_Torus.uasset" to "G:/Game creating/Foresst/Content/StarterContent/Shapes/Shape_Torus.uasset"
[2017.12.04-20.07.56:227][  0]LogPackFactory: Copied "../../../Samples/StarterContent/Content/StarterContent/Shapes/Shape_Trim.uasset" to "G:/Game creating/Foresst/Content/StarterContent/Shapes/Shape_Trim.uasset"
[2017.12.04-20.07.56:235][  0]LogPackFactory: Copied "../../../Samples/StarterContent/Content/StarterContent/Shapes/Shape_Trim_90_In.uasset" to "G:/Game creating/Foresst/Content/StarterContent/Shapes/Shape_Trim_90_In.uasset"
[2017.12.04-20.07.56:244][  0]LogPackFactory: Copied "../../../Samples/StarterContent/Content/StarterContent/Shapes/Shape_Trim_90_Out.uasset" to "G:/Game creating/Foresst/Content/StarterContent/Shapes/Shape_Trim_90_Out.uasset"
[2017.12.04-20.07.56:253][  0]LogPackFactory: Copied "../../../Samples/StarterContent/Content/StarterContent/Shapes/Shape_TriPyramid.uasset" to "G:/Game creating/Foresst/Content/StarterContent/Shapes/Shape_TriPyramid.uasset"
[2017.12.04-20.07.56:262][  0]LogPackFactory: Copied "../../../Samples/StarterContent/Content/StarterContent/Shapes/Shape_Tube.uasset" to "G:/Game creating/Foresst/Content/StarterContent/Shapes/Shape_Tube.uasset"
[2017.12.04-20.07.56:271][  0]LogPackFactory: Copied "../../../Samples/StarterContent/Content/StarterContent/Shapes/Shape_Wedge_A.uasset" to "G:/Game creating/Foresst/Content/StarterContent/Shapes/Shape_Wedge_A.uasset"
[2017.12.04-20.07.56:280][  0]LogPackFactory: Copied "../../../Samples/StarterContent/Content/StarterContent/Shapes/Shape_Wedge_B.uasset" to "G:/Game creating/Foresst/Content/StarterContent/Shapes/Shape_Wedge_B.uasset"
[2017.12.04-20.07.56:289][  0]LogPackFactory: Copied "../../../Samples/StarterContent/Content/StarterContent/Shapes/Shape_WideCapsule.uasset" to "G:/Game creating/Foresst/Content/StarterContent/Shapes/Shape_WideCapsule.uasset"
[2017.12.04-20.07.56:347][  0]LogPackFactory: Copied "../../../Samples/StarterContent/Content/StarterContent/Textures/T_Brick_Clay_Beveled_D.uasset" to "G:/Game creating/Foresst/Content/StarterContent/Textures/T_Brick_Clay_Beveled_D.uasset"
[2017.12.04-20.07.56:408][  0]LogPackFactory: Copied "../../../Samples/StarterContent/Content/StarterContent/Textures/T_Brick_Clay_Beveled_M.uasset" to "G:/Game creating/Foresst/Content/StarterContent/Textures/T_Brick_Clay_Beveled_M.uasset"
[2017.12.04-20.07.56:469][  0]LogPackFactory: Copied "../../../Samples/StarterContent/Content/StarterContent/Textures/T_Brick_Clay_Beveled_N.uasset" to "G:/Game creating/Foresst/Content/StarterContent/Textures/T_Brick_Clay_Beveled_N.uasset"
[2017.12.04-20.07.56:523][  0]LogPackFactory: Copied "../../../Samples/StarterContent/Content/StarterContent/Textures/T_Brick_Clay_New_D.uasset" to "G:/Game creating/Foresst/Content/StarterContent/Textures/T_Brick_Clay_New_D.uasset"
[2017.12.04-20.07.56:582][  0]LogPackFactory: Copied "../../../Samples/StarterContent/Content/StarterContent/Textures/T_Brick_Clay_New_M.uasset" to "G:/Game creating/Foresst/Content/StarterContent/Textures/T_Brick_Clay_New_M.uasset"
[2017.12.04-20.07.56:641][  0]LogPackFactory: Copied "../../../Samples/StarterContent/Content/StarterContent/Textures/T_Brick_Clay_New_N.uasset" to "G:/Game creating/Foresst/Content/StarterContent/Textures/T_Brick_Clay_New_N.uasset"
[2017.12.04-20.07.56:762][  0]LogPackFactory: Copied "../../../Samples/StarterContent/Content/StarterContent/Textures/T_Brick_Clay_Old_D.uasset" to "G:/Game creating/Foresst/Content/StarterContent/Textures/T_Brick_Clay_Old_D.uasset"
[2017.12.04-20.07.56:845][  0]LogPackFactory: Copied "../../../Samples/StarterContent/Content/StarterContent/Textures/T_Brick_Clay_Old_N.uasset" to "G:/Game creating/Foresst/Content/StarterContent/Textures/T_Brick_Clay_Old_N.uasset"
[2017.12.04-20.07.56:990][  0]LogPackFactory: Copied "../../../Samples/StarterContent/Content/StarterContent/Textures/T_Brick_Cut_Stone_D.uasset" to "G:/Game creating/Foresst/Content/StarterContent/Textures/T_Brick_Cut_Stone_D.uasset"
[2017.12.04-20.07.57:071][  0]LogPackFactory: Copied "../../../Samples/StarterContent/Content/StarterContent/Textures/T_Brick_Cut_Stone_N.uasset" to "G:/Game creating/Foresst/Content/StarterContent/Textures/T_Brick_Cut_Stone_N.uasset"
[2017.12.04-20.07.57:143][  0]LogPackFactory: Copied "../../../Samples/StarterContent/Content/StarterContent/Textures/T_Brick_Hewn_Stone_D.uasset" to "G:/Game creating/Foresst/Content/StarterContent/Textures/T_Brick_Hewn_Stone_D.uasset"
[2017.12.04-20.07.57:219][  0]LogPackFactory: Copied "../../../Samples/StarterContent/Content/StarterContent/Textures/T_Brick_Hewn_Stone_M.uasset" to "G:/Game creating/Foresst/Content/StarterContent/Textures/T_Brick_Hewn_Stone_M.uasset"
[2017.12.04-20.07.57:323][  0]LogPackFactory: Copied "../../../Samples/StarterContent/Content/StarterContent/Textures/T_Brick_Hewn_Stone_N.uasset" to "G:/Game creating/Foresst/Content/StarterContent/Textures/T_Brick_Hewn_Stone_N.uasset"
[2017.12.04-20.07.57:339][  0]LogPackFactory: Copied "../../../Samples/StarterContent/Content/StarterContent/Textures/T_Burst_M.uasset" to "G:/Game creating/Foresst/Content/StarterContent/Textures/T_Burst_M.uasset"
[2017.12.04-20.07.57:360][  0]LogPackFactory: Copied "../../../Samples/StarterContent/Content/StarterContent/Textures/T_Bush_D.uasset" to "G:/Game creating/Foresst/Content/StarterContent/Textures/T_Bush_D.uasset"
[2017.12.04-20.07.57:379][  0]LogPackFactory: Copied "../../../Samples/StarterContent/Content/StarterContent/Textures/T_Bush_N.uasset" to "G:/Game creating/Foresst/Content/StarterContent/Textures/T_Bush_N.uasset"
[2017.12.04-20.07.57:397][  0]LogPackFactory: Copied "../../../Samples/StarterContent/Content/StarterContent/Textures/T_Ceramic_Tile_M.uasset" to "G:/Game creating/Foresst/Content/StarterContent/Textures/T_Ceramic_Tile_M.uasset"
[2017.12.04-20.07.57:416][  0]LogPackFactory: Copied "../../../Samples/StarterContent/Content/StarterContent/Textures/T_Ceramic_Tile_N.uasset" to "G:/Game creating/Foresst/Content/StarterContent/Textures/T_Ceramic_Tile_N.uasset"
[2017.12.04-20.07.57:437][  0]LogPackFactory: Copied "../../../Samples/StarterContent/Content/StarterContent/Textures/T_Chair_M.uasset" to "G:/Game creating/Foresst/Content/StarterContent/Textures/T_Chair_M.uasset"
[2017.12.04-20.07.57:483][  0]LogPackFactory: Copied "../../../Samples/StarterContent/Content/StarterContent/Textures/T_Chair_N.uasset" to "G:/Game creating/Foresst/Content/StarterContent/Textures/T_Chair_N.uasset"
[2017.12.04-20.07.57:499][  0]LogPackFactory: Copied "../../../Samples/StarterContent/Content/StarterContent/Textures/T_Checker_Noise_M.uasset" to "G:/Game creating/Foresst/Content/StarterContent/Textures/T_Checker_Noise_M.uasset"
[2017.12.04-20.07.57:590][  0]LogPackFactory: Copied "../../../Samples/StarterContent/Content/StarterContent/Textures/T_CobbleStone_Pebble_D.uasset" to "G:/Game creating/Foresst/Content/StarterContent/Textures/T_CobbleStone_Pebble_D.uasset"
[2017.12.04-20.07.57:616][  0]LogPackFactory: Copied "../../../Samples/StarterContent/Content/StarterContent/Textures/T_CobbleStone_Pebble_M.uasset" to "G:/Game creating/Foresst/Content/StarterContent/Textures/T_CobbleStone_Pebble_M.uasset"
[2017.12.04-20.07.57:711][  0]LogPackFactory: Copied "../../../Samples/StarterContent/Content/StarterContent/Textures/T_CobbleStone_Pebble_N.uasset" to "G:/Game creating/Foresst/Content/StarterContent/Textures/T_CobbleStone_Pebble_N.uasset"
[2017.12.04-20.07.57:748][  0]LogPackFactory: Copied "../../../Samples/StarterContent/Content/StarterContent/Textures/T_CobbleStone_Rough_D.uasset" to "G:/Game creating/Foresst/Content/StarterContent/Textures/T_CobbleStone_Rough_D.uasset"
[2017.12.04-20.07.57:786][  0]LogPackFactory: Copied "../../../Samples/StarterContent/Content/StarterContent/Textures/T_CobbleStone_Rough_N.uasset" to "G:/Game creating/Foresst/Content/StarterContent/Textures/T_CobbleStone_Rough_N.uasset"
[2017.12.04-20.07.57:909][  0]LogPackFactory: Copied "../../../Samples/StarterContent/Content/StarterContent/Textures/T_CobbleStone_Smooth_D.uasset" to "G:/Game creating/Foresst/Content/StarterContent/Textures/T_CobbleStone_Smooth_D.uasset"
[2017.12.04-20.07.57:956][  0]LogPackFactory: Copied "../../../Samples/StarterContent/Content/StarterContent/Textures/T_CobbleStone_Smooth_M.uasset" to "G:/Game creating/Foresst/Content/StarterContent/Textures/T_CobbleStone_Smooth_M.uasset"
[2017.12.04-20.07.58:023][  0]LogPackFactory: Copied "../../../Samples/StarterContent/Content/StarterContent/Textures/T_CobbleStone_Smooth_N.uasset" to "G:/Game creating/Foresst/Content/StarterContent/Textures/T_CobbleStone_Smooth_N.uasset"
[2017.12.04-20.07.58:101][  0]LogPackFactory: Copied "../../../Samples/StarterContent/Content/StarterContent/Textures/T_Concrete_Grime_D.uasset" to "G:/Game creating/Foresst/Content/StarterContent/Textures/T_Concrete_Grime_D.uasset"
[2017.12.04-20.07.58:198][  0]LogPackFactory: Copied "../../../Samples/StarterContent/Content/StarterContent/Textures/T_Concrete_Panels_D.uasset" to "G:/Game creating/Foresst/Content/StarterContent/Textures/T_Concrete_Panels_D.uasset"
[2017.12.04-20.07.58:256][  0]LogPackFactory: Copied "../../../Samples/StarterContent/Content/StarterContent/Textures/T_Concrete_Panels_N.uasset" to "G:/Game creating/Foresst/Content/StarterContent/Textures/T_Concrete_Panels_N.uasset"
[2017.12.04-20.07.58:399][  0]LogPackFactory: Copied "../../../Samples/StarterContent/Content/StarterContent/Textures/T_Concrete_Poured_D.uasset" to "G:/Game creating/Foresst/Content/StarterContent/Textures/T_Concrete_Poured_D.uasset"
[2017.12.04-20.07.58:479][  0]LogPackFactory: Copied "../../../Samples/StarterContent/Content/StarterContent/Textures/T_Concrete_Poured_N.uasset" to "G:/Game creating/Foresst/Content/StarterContent/Textures/T_Concrete_Poured_N.uasset"
[2017.12.04-20.07.58:534][  0]LogPackFactory: Copied "../../../Samples/StarterContent/Content/StarterContent/Textures/T_Concrete_Tiles_D.uasset" to "G:/Game creating/Foresst/Content/StarterContent/Textures/T_Concrete_Tiles_D.uasset"
[2017.12.04-20.07.58:596][  0]LogPackFactory: Copied "../../../Samples/StarterContent/Content/StarterContent/Textures/T_Concrete_Tiles_M.uasset" to "G:/Game creating/Foresst/Content/StarterContent/Textures/T_Concrete_Tiles_M.uasset"
[2017.12.04-20.07.58:674][  0]LogPackFactory: Copied "../../../Samples/StarterContent/Content/StarterContent/Textures/T_Concrete_Tiles_N.uasset" to "G:/Game creating/Foresst/Content/StarterContent/Textures/T_Concrete_Tiles_N.uasset"
[2017.12.04-20.07.58:689][  0]LogPackFactory: Copied "../../../Samples/StarterContent/Content/StarterContent/Textures/T_Concrete_Tiles_Variation_M.uasset" to "G:/Game creating/Foresst/Content/StarterContent/Textures/T_Concrete_Tiles_Variation_M.uasset"
[2017.12.04-20.07.58:733][  0]LogPackFactory: Copied "../../../Samples/StarterContent/Content/StarterContent/Textures/T_Detail_Rocky_N.uasset" to "G:/Game creating/Foresst/Content/StarterContent/Textures/T_Detail_Rocky_N.uasset"
[2017.12.04-20.07.58:753][  0]LogPackFactory: Copied "../../../Samples/StarterContent/Content/StarterContent/Textures/T_Door_M.uasset" to "G:/Game creating/Foresst/Content/StarterContent/Textures/T_Door_M.uasset"
[2017.12.04-20.07.58:770][  0]LogPackFactory: Copied "../../../Samples/StarterContent/Content/StarterContent/Textures/T_Door_N.uasset" to "G:/Game creating/Foresst/Content/StarterContent/Textures/T_Door_N.uasset"
[2017.12.04-20.07.58:780][  0]LogPackFactory: Copied "../../../Samples/StarterContent/Content/StarterContent/Textures/T_Dust_Particle_D.uasset" to "G:/Game creating/Foresst/Content/StarterContent/Textures/T_Dust_Particle_D.uasset"
[2017.12.04-20.07.58:808][  0]LogPackFactory: Copied "../../../Samples/StarterContent/Content/StarterContent/Textures/T_Explosion_SubUV.uasset" to "G:/Game creating/Foresst/Content/StarterContent/Textures/T_Explosion_SubUV.uasset"
[2017.12.04-20.07.58:821][  0]LogPackFactory: Copied "../../../Samples/StarterContent/Content/StarterContent/Textures/T_Fire_SubUV.uasset" to "G:/Game creating/Foresst/Content/StarterContent/Textures/T_Fire_SubUV.uasset"
[2017.12.04-20.07.58:835][  0]LogPackFactory: Copied "../../../Samples/StarterContent/Content/StarterContent/Textures/T_Fire_Tiled_D.uasset" to "G:/Game creating/Foresst/Content/StarterContent/Textures/T_Fire_Tiled_D.uasset"
[2017.12.04-20.07.58:848][  0]LogPackFactory: Copied "../../../Samples/StarterContent/Content/StarterContent/Textures/T_Frame_M.uasset" to "G:/Game creating/Foresst/Content/StarterContent/Textures/T_Frame_M.uasset"
[2017.12.04-20.07.58:866][  0]LogPackFactory: Copied "../../../Samples/StarterContent/Content/StarterContent/Textures/T_Frame_N.uasset" to "G:/Game creating/Foresst/Content/StarterContent/Textures/T_Frame_N.uasset"
[2017.12.04-20.07.58:876][  0]LogPackFactory: Copied "../../../Samples/StarterContent/Content/StarterContent/Textures/T_Gradinet_01.uasset" to "G:/Game creating/Foresst/Content/StarterContent/Textures/T_Gradinet_01.uasset"
[2017.12.04-20.07.58:964][  0]LogPackFactory: Copied "../../../Samples/StarterContent/Content/StarterContent/Textures/T_Ground_Grass_D.uasset" to "G:/Game creating/Foresst/Content/StarterContent/Textures/T_Ground_Grass_D.uasset"
[2017.12.04-20.07.59:062][  0]LogPackFactory: Copied "../../../Samples/StarterContent/Content/StarterContent/Textures/T_Ground_Grass_N.uasset" to "G:/Game creating/Foresst/Content/StarterContent/Textures/T_Ground_Grass_N.uasset"
[2017.12.04-20.07.59:188][  0]LogPackFactory: Copied "../../../Samples/StarterContent/Content/StarterContent/Textures/T_Ground_Gravel_D.uasset" to "G:/Game creating/Foresst/Content/StarterContent/Textures/T_Ground_Gravel_D.uasset"
[2017.12.04-20.07.59:269][  0]LogPackFactory: Copied "../../../Samples/StarterContent/Content/StarterContent/Textures/T_Ground_Gravel_N.uasset" to "G:/Game creating/Foresst/Content/StarterContent/Textures/T_Ground_Gravel_N.uasset"
[2017.12.04-20.07.59:417][  0]LogPackFactory: Copied "../../../Samples/StarterContent/Content/StarterContent/Textures/T_ground_Moss_D.uasset" to "G:/Game creating/Foresst/Content/StarterContent/Textures/T_ground_Moss_D.uasset"
[2017.12.04-20.07.59:489][  0]LogPackFactory: Copied "../../../Samples/StarterContent/Content/StarterContent/Textures/T_Ground_Moss_N.uasset" to "G:/Game creating/Foresst/Content/StarterContent/Textures/T_Ground_Moss_N.uasset"
[2017.12.04-20.07.59:510][  0]LogPackFactory: Copied "../../../Samples/StarterContent/Content/StarterContent/Textures/T_Lamp_M.uasset" to "G:/Game creating/Foresst/Content/StarterContent/Textures/T_Lamp_M.uasset"
[2017.12.04-20.07.59:544][  0]LogPackFactory: Copied "../../../Samples/StarterContent/Content/StarterContent/Textures/T_Lamp_N.uasset" to "G:/Game creating/Foresst/Content/StarterContent/Textures/T_Lamp_N.uasset"
[2017.12.04-20.07.59:639][  0]LogPackFactory: Copied "../../../Samples/StarterContent/Content/StarterContent/Textures/T_MacroVariation.uasset" to "G:/Game creating/Foresst/Content/StarterContent/Textures/T_MacroVariation.uasset"
[2017.12.04-20.07.59:743][  0]LogPackFactory: Copied "../../../Samples/StarterContent/Content/StarterContent/Textures/T_Metal_Aluminum_D.uasset" to "G:/Game creating/Foresst/Content/StarterContent/Textures/T_Metal_Aluminum_D.uasset"
[2017.12.04-20.07.59:840][  0]LogPackFactory: Copied "../../../Samples/StarterContent/Content/StarterContent/Textures/T_Metal_Copper_D.uasset" to "G:/Game creating/Foresst/Content/StarterContent/Textures/T_Metal_Copper_D.uasset"
[2017.12.04-20.07.59:939][  0]LogPackFactory: Copied "../../../Samples/StarterContent/Content/StarterContent/Textures/T_Metal_Gold_D.uasset" to "G:/Game creating/Foresst/Content/StarterContent/Textures/T_Metal_Gold_D.uasset"
[2017.12.04-20.07.59:976][  0]LogPackFactory: Copied "../../../Samples/StarterContent/Content/StarterContent/Textures/T_Metal_Gold_N.uasset" to "G:/Game creating/Foresst/Content/StarterContent/Textures/T_Metal_Gold_N.uasset"
[2017.12.04-20.08.00:080][  0]LogPackFactory: Copied "../../../Samples/StarterContent/Content/StarterContent/Textures/T_Metal_Rust_D.uasset" to "G:/Game creating/Foresst/Content/StarterContent/Textures/T_Metal_Rust_D.uasset"
[2017.12.04-20.08.00:153][  0]LogPackFactory: Copied "../../../Samples/StarterContent/Content/StarterContent/Textures/T_Metal_Rust_N.uasset" to "G:/Game creating/Foresst/Content/StarterContent/Textures/T_Metal_Rust_N.uasset"
[2017.12.04-20.08.00:203][  0]LogPackFactory: Copied "../../../Samples/StarterContent/Content/StarterContent/Textures/T_Metal_Steel_D.uasset" to "G:/Game creating/Foresst/Content/StarterContent/Textures/T_Metal_Steel_D.uasset"
[2017.12.04-20.08.00:244][  0]LogPackFactory: Copied "../../../Samples/StarterContent/Content/StarterContent/Textures/T_Metal_Steel_N.uasset" to "G:/Game creating/Foresst/Content/StarterContent/Textures/T_Metal_Steel_N.uasset"
[2017.12.04-20.08.00:341][  0]LogPackFactory: Copied "../../../Samples/StarterContent/Content/StarterContent/Textures/T_Perlin_Noise_M.uasset" to "G:/Game creating/Foresst/Content/StarterContent/Textures/T_Perlin_Noise_M.uasset"
[2017.12.04-20.08.00:378][  0]LogPackFactory: Copied "../../../Samples/StarterContent/Content/StarterContent/Textures/T_RockMesh_M.uasset" to "G:/Game creating/Foresst/Content/StarterContent/Textures/T_RockMesh_M.uasset"
[2017.12.04-20.08.00:426][  0]LogPackFactory: Copied "../../../Samples/StarterContent/Content/StarterContent/Textures/T_RockMesh_N.uasset" to "G:/Game creating/Foresst/Content/StarterContent/Textures/T_RockMesh_N.uasset"
[2017.12.04-20.08.00:527][  0]LogPackFactory: Copied "../../../Samples/StarterContent/Content/StarterContent/Textures/T_Rock_Basalt_D.uasset" to "G:/Game creating/Foresst/Content/StarterContent/Textures/T_Rock_Basalt_D.uasset"
[2017.12.04-20.08.00:648][  0]LogPackFactory: Copied "../../../Samples/StarterContent/Content/StarterContent/Textures/T_Rock_Basalt_N.uasset" to "G:/Game creating/Foresst/Content/StarterContent/Textures/T_Rock_Basalt_N.uasset"
[2017.12.04-20.08.00:707][  0]LogPackFactory: Copied "../../../Samples/StarterContent/Content/StarterContent/Textures/T_Rock_Marble_Polished_D.uasset" to "G:/Game creating/Foresst/Content/StarterContent/Textures/T_Rock_Marble_Polished_D.uasset"
[2017.12.04-20.08.00:802][  0]LogPackFactory: Copied "../../../Samples/StarterContent/Content/StarterContent/Textures/T_Rock_Sandstone_D.uasset" to "G:/Game creating/Foresst/Content/StarterContent/Textures/T_Rock_Sandstone_D.uasset"
[2017.12.04-20.08.00:902][  0]LogPackFactory: Copied "../../../Samples/StarterContent/Content/StarterContent/Textures/T_Rock_Sandstone_N.uasset" to "G:/Game creating/Foresst/Content/StarterContent/Textures/T_Rock_Sandstone_N.uasset"
[2017.12.04-20.08.01:041][  0]LogPackFactory: Copied "../../../Samples/StarterContent/Content/StarterContent/Textures/T_Rock_Slate_D.uasset" to "G:/Game creating/Foresst/Content/StarterContent/Textures/T_Rock_Slate_D.uasset"
[2017.12.04-20.08.01:142][  0]LogPackFactory: Copied "../../../Samples/StarterContent/Content/StarterContent/Textures/T_Rock_Slate_N.uasset" to "G:/Game creating/Foresst/Content/StarterContent/Textures/T_Rock_Slate_N.uasset"
[2017.12.04-20.08.01:241][  0]LogPackFactory: Copied "../../../Samples/StarterContent/Content/StarterContent/Textures/T_Rock_Smooth_Granite_D.uasset" to "G:/Game creating/Foresst/Content/StarterContent/Textures/T_Rock_Smooth_Granite_D.uasset"
[2017.12.04-20.08.01:255][  0]LogPackFactory: Copied "../../../Samples/StarterContent/Content/StarterContent/Textures/T_Shelf_M.uasset" to "G:/Game creating/Foresst/Content/StarterContent/Textures/T_Shelf_M.uasset"
[2017.12.04-20.08.01:274][  0]LogPackFactory: Copied "../../../Samples/StarterContent/Content/StarterContent/Textures/T_Shelf_N.uasset" to "G:/Game creating/Foresst/Content/StarterContent/Textures/T_Shelf_N.uasset"
[2017.12.04-20.08.01:286][  0]LogPackFactory: Copied "../../../Samples/StarterContent/Content/StarterContent/Textures/T_Single_Tile_N.uasset" to "G:/Game creating/Foresst/Content/StarterContent/Textures/T_Single_Tile_N.uasset"
[2017.12.04-20.08.01:311][  0]LogPackFactory: Copied "../../../Samples/StarterContent/Content/StarterContent/Textures/T_Smoke_SubUV.uasset" to "G:/Game creating/Foresst/Content/StarterContent/Textures/T_Smoke_SubUV.uasset"
[2017.12.04-20.08.01:322][  0]LogPackFactory: Copied "../../../Samples/StarterContent/Content/StarterContent/Textures/T_Smoke_Tiled_D.uasset" to "G:/Game creating/Foresst/Content/StarterContent/Textures/T_Smoke_Tiled_D.uasset"
[2017.12.04-20.08.01:335][  0]LogPackFactory: Copied "../../../Samples/StarterContent/Content/StarterContent/Textures/T_Spark_Core.uasset" to "G:/Game creating/Foresst/Content/StarterContent/Textures/T_Spark_Core.uasset"
[2017.12.04-20.08.01:349][  0]LogPackFactory: Copied "../../../Samples/StarterContent/Content/StarterContent/Textures/T_Statue_M.uasset" to "G:/Game creating/Foresst/Content/StarterContent/Textures/T_Statue_M.uasset"
[2017.12.04-20.08.01:362][  0]LogPackFactory: Copied "../../../Samples/StarterContent/Content/StarterContent/Textures/T_Statue_N.uasset" to "G:/Game creating/Foresst/Content/StarterContent/Textures/T_Statue_N.uasset"
[2017.12.04-20.08.01:414][  0]LogPackFactory: Copied "../../../Samples/StarterContent/Content/StarterContent/Textures/T_TableRound_M.uasset" to "G:/Game creating/Foresst/Content/StarterContent/Textures/T_TableRound_M.uasset"
[2017.12.04-20.08.01:434][  0]LogPackFactory: Copied "../../../Samples/StarterContent/Content/StarterContent/Textures/T_TableRound_N.uasset" to "G:/Game creating/Foresst/Content/StarterContent/Textures/T_TableRound_N.uasset"
[2017.12.04-20.08.01:447][  0]LogPackFactory: Copied "../../../Samples/StarterContent/Content/StarterContent/Textures/T_Tech_Dot_M.uasset" to "G:/Game creating/Foresst/Content/StarterContent/Textures/T_Tech_Dot_M.uasset"
[2017.12.04-20.08.01:458][  0]LogPackFactory: Copied "../../../Samples/StarterContent/Content/StarterContent/Textures/T_Tech_Dot_N.uasset" to "G:/Game creating/Foresst/Content/StarterContent/Textures/T_Tech_Dot_N.uasset"
[2017.12.04-20.08.01:472][  0]LogPackFactory: Copied "../../../Samples/StarterContent/Content/StarterContent/Textures/T_Tech_Hex_Tile_M.uasset" to "G:/Game creating/Foresst/Content/StarterContent/Textures/T_Tech_Hex_Tile_M.uasset"
[2017.12.04-20.08.01:501][  0]LogPackFactory: Copied "../../../Samples/StarterContent/Content/StarterContent/Textures/T_Tech_Hex_Tile_N.uasset" to "G:/Game creating/Foresst/Content/StarterContent/Textures/T_Tech_Hex_Tile_N.uasset"
[2017.12.04-20.08.01:519][  0]LogPackFactory: Copied "../../../Samples/StarterContent/Content/StarterContent/Textures/T_Tech_Panel_M.uasset" to "G:/Game creating/Foresst/Content/StarterContent/Textures/T_Tech_Panel_M.uasset"
[2017.12.04-20.08.01:534][  0]LogPackFactory: Copied "../../../Samples/StarterContent/Content/StarterContent/Textures/T_Tech_Panel_N.uasset" to "G:/Game creating/Foresst/Content/StarterContent/Textures/T_Tech_Panel_N.uasset"
[2017.12.04-20.08.01:549][  0]LogPackFactory: Copied "../../../Samples/StarterContent/Content/StarterContent/Textures/T_Water_M.uasset" to "G:/Game creating/Foresst/Content/StarterContent/Textures/T_Water_M.uasset"
[2017.12.04-20.08.01:566][  0]LogPackFactory: Copied "../../../Samples/StarterContent/Content/StarterContent/Textures/T_Water_N.uasset" to "G:/Game creating/Foresst/Content/StarterContent/Textures/T_Water_N.uasset"
[2017.12.04-20.08.01:598][  0]LogPackFactory: Copied "../../../Samples/StarterContent/Content/StarterContent/Textures/T_Wood_Floor_Walnut_D.uasset" to "G:/Game creating/Foresst/Content/StarterContent/Textures/T_Wood_Floor_Walnut_D.uasset"
[2017.12.04-20.08.01:626][  0]LogPackFactory: Copied "../../../Samples/StarterContent/Content/StarterContent/Textures/T_Wood_Floor_Walnut_M.uasset" to "G:/Game creating/Foresst/Content/StarterContent/Textures/T_Wood_Floor_Walnut_M.uasset"
[2017.12.04-20.08.01:650][  0]LogPackFactory: Copied "../../../Samples/StarterContent/Content/StarterContent/Textures/T_Wood_Floor_Walnut_N.uasset" to "G:/Game creating/Foresst/Content/StarterContent/Textures/T_Wood_Floor_Walnut_N.uasset"
[2017.12.04-20.08.01:691][  0]LogPackFactory: Copied "../../../Samples/StarterContent/Content/StarterContent/Textures/T_Wood_Oak_D.uasset" to "G:/Game creating/Foresst/Content/StarterContent/Textures/T_Wood_Oak_D.uasset"
[2017.12.04-20.08.01:746][  0]LogPackFactory: Copied "../../../Samples/StarterContent/Content/StarterContent/Textures/T_Wood_Oak_N.uasset" to "G:/Game creating/Foresst/Content/StarterContent/Textures/T_Wood_Oak_N.uasset"
[2017.12.04-20.08.01:872][  0]LogPackFactory: Copied "../../../Samples/StarterContent/Content/StarterContent/Textures/T_Wood_Pine_D.uasset" to "G:/Game creating/Foresst/Content/StarterContent/Textures/T_Wood_Pine_D.uasset"
[2017.12.04-20.08.01:917][  0]LogPackFactory: Copied "../../../Samples/StarterContent/Content/StarterContent/Textures/T_Wood_Pine_N.uasset" to "G:/Game creating/Foresst/Content/StarterContent/Textures/T_Wood_Pine_N.uasset"
[2017.12.04-20.08.01:984][  0]LogPackFactory: Copied "../../../Samples/StarterContent/Content/StarterContent/Textures/T_Wood_Walnut_D.uasset" to "G:/Game creating/Foresst/Content/StarterContent/Textures/T_Wood_Walnut_D.uasset"
[2017.12.04-20.08.02:060][  0]LogPackFactory: Copied "../../../Samples/StarterContent/Content/StarterContent/Textures/T_Wood_Walnut_N.uasset" to "G:/Game creating/Foresst/Content/StarterContent/Textures/T_Wood_Walnut_N.uasset"
[2017.12.04-20.08.02:159][  0]LogRenderer: Reallocating scene render targets to support 256x256 Format 10 NumSamples 1 (Frame:1).
[2017.12.04-20.08.02:197][  0]Cmd: OBJ SAVEPACKAGE PACKAGE="/Game/StarterContent/Architecture/Floor_400x400" FILE="G:/Game creating/Foresst/Content/StarterContent/Architecture/Floor_400x400.uasset" SILENT=true
[2017.12.04-20.08.02:222][  0]LogSavePackage: Save=15.27ms
[2017.12.04-20.08.02:222][  0]LogSavePackage: Moving 'G:/Game creating/Foresst/Saved/Floor_400x4003237B9894FD7DD3C16E22AAE17703B6B.tmp' to 'G:/Game creating/Foresst/Content/StarterContent/Architecture/Floor_400x400.uasset'
[2017.12.04-20.08.02:225][  0]LogSavePackage: Display: Finished SavePackage G:/Game creating/Foresst/Content/StarterContent/Architecture/Floor_400x400.uasset
[2017.12.04-20.08.02:225][  0]LogFeaturePack: Warning: Inserted 1 feature packs
[2017.12.04-20.08.02:227][  0]Cmd: MAP LOAD FILE="G:/Game creating/Foresst/Content/StarterContent/Maps/Minimal_Default.umap" TEMPLATE=0 SHOWPROGRESS=1 FEATURELEVEL=3
[2017.12.04-20.08.02:228][  0]LightingResults: New page: Lighting Build
[2017.12.04-20.08.02:266][  0]MapCheck: New page: Map Check
[2017.12.04-20.08.02:266][  0]LightingResults: New page: Lighting Build
[2017.12.04-20.08.02:627][  0]LogAIModule: Creating AISystem for world Minimal_Default
[2017.12.04-20.08.02:635][  0]LogEditorServer: Finished looking for orphan Actors (0.000 secs)
[2017.12.04-20.08.02:645][  0]Cmd: MAP CHECKDEP NOCLEARLOG
[2017.12.04-20.08.02:688][  0]MapCheck: Map check complete: 0 Error(s), 0 Warning(s), took 42.662ms to complete.
[2017.12.04-20.08.02:688][  0]LogFileHelpers: Loading map 'Minimal_Default' took 0.460
[2017.12.04-20.08.02:800][  0]LogWindowsTextInputMethodSystem: Display: IME system now deactivated.
[2017.12.04-20.08.02:887][  0]LogCollectionManager: Loaded 0 collections in 0.001194 seconds
[2017.12.04-20.08.03:004][  0]LogFileCache: Scanning file cache for directory 'G:/Game creating/Foresst/Saved/Collections/' took 0.01s
[2017.12.04-20.08.03:004][  0]LogFileCache: Scanning file cache for directory 'G:/Game creating/Foresst/Content/Developers/keira/Collections/' took 0.01s
[2017.12.04-20.08.03:004][  0]LogFileCache: Scanning file cache for directory 'G:/Game creating/Foresst/Content/Collections/' took 0.01s
[2017.12.04-20.08.03:004][  0]LogCollectionManager: Rebuilt the GUID cache for 0 collections in 0.000000 seconds
[2017.12.04-20.08.03:012][  0]LogContentBrowser: Native class hierarchy populated in 0.0078 seconds. Added 2363 classes and 519 folders.
[2017.12.04-20.08.03:073][  0]LogContentBrowser: Native class hierarchy updated for 'WidgetCarousel' in 0.0002 seconds. Added 0 classes and 0 folders.
[2017.12.04-20.08.03:105][  0]LogContentBrowser: Native class hierarchy updated for 'AddContentDialog' in 0.0002 seconds. Added 0 classes and 0 folders.
[2017.12.04-20.08.03:148][  0]LogContentBrowser: Native class hierarchy updated for 'SceneOutliner' in 0.0002 seconds. Added 1 classes and 2 folders.
[2017.12.04-20.08.03:167][  0]LogSlate: Took 0.000234 seconds to synchronously load lazily loaded font '../../../Engine/Content/Slate/Fonts/Roboto-Regular.ttf' (155K)
[2017.12.04-20.08.03:169][  0]LogSlate: Took 0.000217 seconds to synchronously load lazily loaded font '../../../Engine/Content/Slate/Fonts/Roboto-Bold.ttf' (160K)
[2017.12.04-20.08.03:174][  0]LogSlate: Took 0.000164 seconds to synchronously load lazily loaded font '../../../Engine/Content/Editor/Slate/Fonts/FontAwesome.ttf' (139K)
[2017.12.04-20.08.03:210][  0]LogRenderer: Reallocating scene render targets to support 964x436 Format 10 NumSamples 1 (Frame:1).
[2017.12.04-20.08.03:245][  0]LogSlate: Took 0.000240 seconds to synchronously load lazily loaded font '../../../Engine/Content/Slate/Fonts/Roboto-Light.ttf' (159K)
[2017.12.04-20.08.03:399][  0]LogContentBrowser: Native class hierarchy updated for 'HierarchicalLODOutliner' in 0.0005 seconds. Added 1 classes and 2 folders.
[2017.12.04-20.08.03:400][  0]LogLoad: (Engine Initialization) Total time: 27.93 seconds
[2017.12.04-20.08.03:400][  0]LogLoad: (Engine Initialization) Total Blueprint compile time: 0.00 seconds
[2017.12.04-20.08.03:400][  0]LogExternalProfiler: No external profilers were discovered.  External profiling features will not be available.
[2017.12.04-20.08.03:504][  0]LogContentStreaming: Texture pool size now 1000 MB
[2017.12.04-20.08.03:635][  3]LogAssetRegistry: Asset discovery search completed in 20.7401 seconds
[2017.12.04-20.08.03:638][  3]LogCollectionManager: Rebuilt the object cache for 0 collections in 0.000000 seconds (found 0 objects)
[2017.12.04-20.08.03:638][  3]LogCollectionManager: Fixed up redirectors for 0 collections in 0.000070 seconds (updated 0 objects)
[2017.12.04-20.08.09:470][230]Cmd: MAP LOAD FILE="../../../Engine/Content/Maps/Templates/Template_Default.umap" TEMPLATE=1 SHOWPROGRESS=1 FEATURELEVEL=3
[2017.12.04-20.08.09:476][230]LogSlate: Took 0.000261 seconds to synchronously load lazily loaded font '../../../Engine/Content/Slate/Fonts/Roboto-Light.ttf' (159K)
[2017.12.04-20.08.09:500][230]LightingResults: New page: Lighting Build
[2017.12.04-20.08.09:501][230]LoadErrors: New page: Loading map: Template_Default.umap
[2017.12.04-20.08.09:502][230]MapCheck: New page: Map Check
[2017.12.04-20.08.09:503][230]LightingResults: New page: Lighting Build
[2017.12.04-20.08.09:579][230]LogAIModule: Creating AISystem for world Untitled_1
[2017.12.04-20.08.09:587][230]LogEditorServer: Finished looking for orphan Actors (0.000 secs)
[2017.12.04-20.08.09:602][230]Cmd: MAP CHECKDEP NOCLEARLOG
[2017.12.04-20.08.09:652][230]MapCheck: Map check complete: 0 Error(s), 0 Warning(s), took 49.689ms to complete.
[2017.12.04-20.08.09:652][230]LogFileHelpers: Loading map 'Template_Default' took 0.184
[2017.12.04-20.08.36:145][714]LogSourceControl: Warning: 'G:/Game creating/Foresst/' is not part of a Git repository
[2017.12.04-20.08.54:467][763]LogEditorViewport: Clicking on Actor (LMB): BP_Sky_Sphere_C (Sky Sphere)
[2017.12.04-20.09.04:360][232]LogEditorViewport: Clicking on Actor (LMB): BP_Sky_Sphere_C (Sky Sphere)
[2017.12.04-20.09.08:436][463]SourceControl: Source control is disabled
